{"meta": {"format": 3, "version": "7.10.6", "timestamp": "2025-10-03T03:18:47.516853", "branch_coverage": false, "show_contexts": false}, "files": {"src/appimage_updater/__init__.py": {"executed_lines": [1], "summary": {"covered_lines": 0, "num_statements": 0, "percent_covered": 100.0, "percent_covered_display": "100", "missing_lines": 0, "excluded_lines": 0}, "missing_lines": [], "excluded_lines": [], "functions": {"": {"executed_lines": [1], "summary": {"covered_lines": 0, "num_statements": 0, "percent_covered": 100.0, "percent_covered_display": "100", "missing_lines": 0, "excluded_lines": 0}, "missing_lines": [], "excluded_lines": []}}, "classes": {"": {"executed_lines": [1], "summary": {"covered_lines": 0, "num_statements": 0, "percent_covered": 100.0, "percent_covered_display": "100", "missing_lines": 0, "excluded_lines": 0}, "missing_lines": [], "excluded_lines": []}}}, "src/appimage_updater/__main__.py": {"executed_lines": [], "summary": {"covered_lines": 0, "num_statements": 4, "percent_covered": 0.0, "percent_covered_display": "0", "missing_lines": 4, "excluded_lines": 2}, "missing_lines": [3, 7, 8, 10], "excluded_lines": [13, 14], "functions": {"": {"executed_lines": [], "summary": {"covered_lines": 0, "num_statements": 4, "percent_covered": 0.0, "percent_covered_display": "0", "missing_lines": 4, "excluded_lines": 2}, "missing_lines": [3, 7, 8, 10], "excluded_lines": [13, 14]}}, "classes": {"": {"executed_lines": [], "summary": {"covered_lines": 0, "num_statements": 4, "percent_covered": 0.0, "percent_covered_display": "0", "missing_lines": 4, "excluded_lines": 2}, "missing_lines": [3, 7, 8, 10], "excluded_lines": [13, 14]}}}, "src/appimage_updater/_version.py": {"executed_lines": [1, 3, 6, 7, 13, 16, 17, 22], "summary": {"covered_lines": 7, "num_statements": 11, "percent_covered": 63.63636363636363, "percent_covered_display": "64", "missing_lines": 4, "excluded_lines": 0}, "missing_lines": [8, 10, 18, 19], "excluded_lines": [], "functions": {"get_version": {"executed_lines": [16, 17], "summary": {"covered_lines": 2, "num_statements": 4, "percent_covered": 50.0, "percent_covered_display": "50", "missing_lines": 2, "excluded_lines": 0}, "missing_lines": [18, 19], "excluded_lines": []}, "": {"executed_lines": [1, 3, 6, 7, 13, 22], "summary": {"covered_lines": 5, "num_statements": 7, "percent_covered": 71.42857142857143, "percent_covered_display": "71", "missing_lines": 2, "excluded_lines": 0}, "missing_lines": [8, 10], "excluded_lines": []}}, "classes": {"": {"executed_lines": [1, 3, 6, 7, 13, 16, 17, 22], "summary": {"covered_lines": 7, "num_statements": 11, "percent_covered": 63.63636363636363, "percent_covered_display": "64", "missing_lines": 4, "excluded_lines": 0}, "missing_lines": [8, 10, 18, 19], "excluded_lines": []}}}, "src/appimage_updater/cli/__init__.py": {"executed_lines": [1, 7, 10], "summary": {"covered_lines": 2, "num_statements": 2, "percent_covered": 100.0, "percent_covered_display": "100", "missing_lines": 0, "excluded_lines": 0}, "missing_lines": [], "excluded_lines": [], "functions": {"": {"executed_lines": [1, 7, 10], "summary": {"covered_lines": 2, "num_statements": 2, "percent_covered": 100.0, "percent_covered_display": "100", "missing_lines": 0, "excluded_lines": 0}, "missing_lines": [], "excluded_lines": []}}, "classes": {"": {"executed_lines": [1, 7, 10], "summary": {"covered_lines": 2, "num_statements": 2, "percent_covered": 100.0, "percent_covered_display": "100", "missing_lines": 0, "excluded_lines": 0}, "missing_lines": [], "excluded_lines": []}}}, "src/appimage_updater/cli/application.py": {"executed_lines": [1, 3, 5, 6, 8, 9, 10, 12, 13, 14, 15, 16, 17, 18, 19, 20, 21, 22, 25, 26, 28, 31, 32, 41, 43, 48, 49, 52, 55, 58, 60, 62, 73, 74, 75, 76, 77, 78, 79, 81, 84, 86, 87, 88, 90, 91, 109, 110, 113, 118], "summary": {"covered_lines": 47, "num_statements": 71, "percent_covered": 66.19718309859155, "percent_covered_display": "66", "missing_lines": 24, "excluded_lines": 0}, "missing_lines": [114, 115, 116, 122, 125, 126, 127, 129, 132, 133, 134, 138, 140, 141, 142, 144, 145, 147, 148, 149, 150, 152, 153, 154], "excluded_lines": [], "functions": {"AppImageUpdaterCLI.__init__": {"executed_lines": [43, 48, 49, 52, 55, 58], "summary": {"covered_lines": 6, "num_statements": 6, "percent_covered": 100.0, "percent_covered_display": "100", "missing_lines": 0, "excluded_lines": 0}, "missing_lines": [], "excluded_lines": []}, "AppImageUpdaterCLI._register_handlers": {"executed_lines": [62, 73, 74, 75, 76, 77, 78, 79], "summary": {"covered_lines": 8, "num_statements": 8, "percent_covered": 100.0, "percent_covered_display": "100", "missing_lines": 0, "excluded_lines": 0}, "missing_lines": [], "excluded_lines": []}, "AppImageUpdaterCLI._setup_global_callbacks": {"executed_lines": [84, 90, 91], "summary": {"covered_lines": 3, "num_statements": 3, "percent_covered": 100.0, "percent_covered_display": "100", "missing_lines": 0, "excluded_lines": 0}, "missing_lines": [], "excluded_lines": []}, "AppImageUpdaterCLI._setup_global_callbacks.version_callback": {"executed_lines": [86, 87, 88], "summary": {"covered_lines": 3, "num_statements": 3, "percent_covered": 100.0, "percent_covered_display": "100", "missing_lines": 0, "excluded_lines": 0}, "missing_lines": [], "excluded_lines": []}, "AppImageUpdaterCLI._setup_global_callbacks.main_callback": {"executed_lines": [109, 110, 113], "summary": {"covered_lines": 3, "num_statements": 6, "percent_covered": 50.0, "percent_covered_display": "50", "missing_lines": 3, "excluded_lines": 0}, "missing_lines": [114, 115, 116], "excluded_lines": []}, "AppImageUpdaterCLI.run": {"executed_lines": [], "summary": {"covered_lines": 0, "num_statements": 14, "percent_covered": 0.0, "percent_covered_display": "0", "missing_lines": 14, "excluded_lines": 0}, "missing_lines": [122, 138, 140, 141, 142, 144, 145, 147, 148, 149, 150, 152, 153, 154], "excluded_lines": []}, "AppImageUpdaterCLI.run.clean_excepthook": {"executed_lines": [], "summary": {"covered_lines": 0, "num_statements": 7, "percent_covered": 0.0, "percent_covered_display": "0", "missing_lines": 7, "excluded_lines": 0}, "missing_lines": [125, 126, 127, 129, 132, 133, 134], "excluded_lines": []}, "": {"executed_lines": [1, 3, 5, 6, 8, 9, 10, 12, 13, 14, 15, 16, 17, 18, 19, 20, 21, 22, 25, 26, 28, 31, 32, 41, 60, 81, 118], "summary": {"covered_lines": 24, "num_statements": 24, "percent_covered": 100.0, "percent_covered_display": "100", "missing_lines": 0, "excluded_lines": 0}, "missing_lines": [], "excluded_lines": []}}, "classes": {"GlobalState": {"executed_lines": [], "summary": {"covered_lines": 0, "num_statements": 0, "percent_covered": 100.0, "percent_covered_display": "100", "missing_lines": 0, "excluded_lines": 0}, "missing_lines": [], "excluded_lines": []}, "AppImageUpdaterCLI": {"executed_lines": [43, 48, 49, 52, 55, 58, 62, 73, 74, 75, 76, 77, 78, 79, 84, 86, 87, 88, 90, 91, 109, 110, 113], "summary": {"covered_lines": 23, "num_statements": 47, "percent_covered": 48.93617021276596, "percent_covered_display": "49", "missing_lines": 24, "excluded_lines": 0}, "missing_lines": [114, 115, 116, 122, 125, 126, 127, 129, 132, 133, 134, 138, 140, 141, 142, 144, 145, 147, 148, 149, 150, 152, 153, 154], "excluded_lines": []}, "": {"executed_lines": [1, 3, 5, 6, 8, 9, 10, 12, 13, 14, 15, 16, 17, 18, 19, 20, 21, 22, 25, 26, 28, 31, 32, 41, 60, 81, 118], "summary": {"covered_lines": 24, "num_statements": 24, "percent_covered": 100.0, "percent_covered_display": "100", "missing_lines": 0, "excluded_lines": 0}, "missing_lines": [], "excluded_lines": []}}}, "src/appimage_updater/cli/handlers/__init__.py": {"executed_lines": [1], "summary": {"covered_lines": 0, "num_statements": 0, "percent_covered": 100.0, "percent_covered_display": "100", "missing_lines": 0, "excluded_lines": 0}, "missing_lines": [], "excluded_lines": [], "functions": {"": {"executed_lines": [1], "summary": {"covered_lines": 0, "num_statements": 0, "percent_covered": 100.0, "percent_covered_display": "100", "missing_lines": 0, "excluded_lines": 0}, "missing_lines": [], "excluded_lines": []}}, "classes": {"": {"executed_lines": [1], "summary": {"covered_lines": 0, "num_statements": 0, "percent_covered": 100.0, "percent_covered_display": "100", "missing_lines": 0, "excluded_lines": 0}, "missing_lines": [], "excluded_lines": []}}}, "src/appimage_updater/cli/handlers/add_handler.py": {"executed_lines": [1, 3, 5, 6, 7, 9, 10, 12, 13, 14, 15, 16, 17, 20, 21, 23, 25, 27, 29, 31, 34, 35, 66, 96, 98, 99, 101, 102, 103, 105, 107, 108, 109, 111, 113, 115, 116, 118, 119, 120, 122, 124, 125], "summary": {"covered_lines": 41, "num_statements": 41, "percent_covered": 100.0, "percent_covered_display": "100", "missing_lines": 0, "excluded_lines": 0}, "missing_lines": [], "excluded_lines": [], "functions": {"AddCommandHandler.__init__": {"executed_lines": [25], "summary": {"covered_lines": 1, "num_statements": 1, "percent_covered": 100.0, "percent_covered_display": "100", "missing_lines": 0, "excluded_lines": 0}, "missing_lines": [], "excluded_lines": []}, "AddCommandHandler.get_command_name": {"executed_lines": [29], "summary": {"covered_lines": 1, "num_statements": 1, "percent_covered": 100.0, "percent_covered_display": "100", "missing_lines": 0, "excluded_lines": 0}, "missing_lines": [], "excluded_lines": []}, "AddCommandHandler.register_command": {"executed_lines": [34, 35], "summary": {"covered_lines": 2, "num_statements": 2, "percent_covered": 100.0, "percent_covered_display": "100", "missing_lines": 0, "excluded_lines": 0}, "missing_lines": [], "excluded_lines": []}, "AddCommandHandler.register_command.add": {"executed_lines": [66], "summary": {"covered_lines": 1, "num_statements": 1, "percent_covered": 100.0, "percent_covered_display": "100", "missing_lines": 0, "excluded_lines": 0}, "missing_lines": [], "excluded_lines": []}, "AddCommandHandler.validate_options": {"executed_lines": [98, 99, 101, 102, 103], "summary": {"covered_lines": 5, "num_statements": 5, "percent_covered": 100.0, "percent_covered_display": "100", "missing_lines": 0, "excluded_lines": 0}, "missing_lines": [], "excluded_lines": []}, "AddCommandHandler._version_callback": {"executed_lines": [107, 108, 109], "summary": {"covered_lines": 3, "num_statements": 3, "percent_covered": 100.0, "percent_covered_display": "100", "missing_lines": 0, "excluded_lines": 0}, "missing_lines": [], "excluded_lines": []}, "AddCommandHandler._execute_add_command": {"executed_lines": [113, 115, 116, 118, 119, 120, 122, 124, 125], "summary": {"covered_lines": 9, "num_statements": 9, "percent_covered": 100.0, "percent_covered_display": "100", "missing_lines": 0, "excluded_lines": 0}, "missing_lines": [], "excluded_lines": []}, "": {"executed_lines": [1, 3, 5, 6, 7, 9, 10, 12, 13, 14, 15, 16, 17, 20, 21, 23, 27, 31, 96, 105, 111], "summary": {"covered_lines": 19, "num_statements": 19, "percent_covered": 100.0, "percent_covered_display": "100", "missing_lines": 0, "excluded_lines": 0}, "missing_lines": [], "excluded_lines": []}}, "classes": {"AddCommandHandler": {"executed_lines": [25, 29, 34, 35, 66, 98, 99, 101, 102, 103, 107, 108, 109, 113, 115, 116, 118, 119, 120, 122, 124, 125], "summary": {"covered_lines": 22, "num_statements": 22, "percent_covered": 100.0, "percent_covered_display": "100", "missing_lines": 0, "excluded_lines": 0}, "missing_lines": [], "excluded_lines": []}, "": {"executed_lines": [1, 3, 5, 6, 7, 9, 10, 12, 13, 14, 15, 16, 17, 20, 21, 23, 27, 31, 96, 105, 111], "summary": {"covered_lines": 19, "num_statements": 19, "percent_covered": 100.0, "percent_covered_display": "100", "missing_lines": 0, "excluded_lines": 0}, "missing_lines": [], "excluded_lines": []}}}, "src/appimage_updater/cli/handlers/base.py": {"executed_lines": [1, 3, 5, 6, 8, 11, 12, 21, 22, 29, 30, 37], "summary": {"covered_lines": 10, "num_statements": 11, "percent_covered": 90.9090909090909, "percent_covered_display": "91", "missing_lines": 1, "excluded_lines": 0}, "missing_lines": [46], "excluded_lines": [], "functions": {"CommandHandler.register_command": {"executed_lines": [], "summary": {"covered_lines": 0, "num_statements": 0, "percent_covered": 100.0, "percent_covered_display": "100", "missing_lines": 0, "excluded_lines": 0}, "missing_lines": [], "excluded_lines": []}, "CommandHandler.get_command_name": {"executed_lines": [], "summary": {"covered_lines": 0, "num_statements": 0, "percent_covered": 100.0, "percent_covered_display": "100", "missing_lines": 0, "excluded_lines": 0}, "missing_lines": [], "excluded_lines": []}, "CommandHandler.validate_options": {"executed_lines": [], "summary": {"covered_lines": 0, "num_statements": 1, "percent_covered": 0.0, "percent_covered_display": "0", "missing_lines": 1, "excluded_lines": 0}, "missing_lines": [46], "excluded_lines": []}, "": {"executed_lines": [1, 3, 5, 6, 8, 11, 12, 21, 22, 29, 30, 37], "summary": {"covered_lines": 10, "num_statements": 10, "percent_covered": 100.0, "percent_covered_display": "100", "missing_lines": 0, "excluded_lines": 0}, "missing_lines": [], "excluded_lines": []}}, "classes": {"CommandHandler": {"executed_lines": [], "summary": {"covered_lines": 0, "num_statements": 1, "percent_covered": 0.0, "percent_covered_display": "0", "missing_lines": 1, "excluded_lines": 0}, "missing_lines": [46], "excluded_lines": []}, "": {"executed_lines": [1, 3, 5, 6, 8, 11, 12, 21, 22, 29, 30, 37], "summary": {"covered_lines": 10, "num_statements": 10, "percent_covered": 100.0, "percent_covered_display": "100", "missing_lines": 0, "excluded_lines": 0}, "missing_lines": [], "excluded_lines": []}}}, "src/appimage_updater/cli/handlers/check_handler.py": {"executed_lines": [1, 3, 5, 6, 7, 9, 10, 12, 13, 14, 15, 16, 17, 18, 19, 20, 23, 24, 26, 28, 30, 32, 34, 37, 38, 66, 84, 86, 87, 89, 90, 91, 93, 95, 96, 97, 99, 119, 122, 131, 146, 149, 152, 153, 155, 157, 160, 161, 164, 165, 167, 168], "summary": {"covered_lines": 50, "num_statements": 50, "percent_covered": 100.0, "percent_covered_display": "100", "missing_lines": 0, "excluded_lines": 0}, "missing_lines": [], "excluded_lines": [], "functions": {"CheckCommandHandler.__init__": {"executed_lines": [28], "summary": {"covered_lines": 1, "num_statements": 1, "percent_covered": 100.0, "percent_covered_display": "100", "missing_lines": 0, "excluded_lines": 0}, "missing_lines": [], "excluded_lines": []}, "CheckCommandHandler.get_command_name": {"executed_lines": [32], "summary": {"covered_lines": 1, "num_statements": 1, "percent_covered": 100.0, "percent_covered_display": "100", "missing_lines": 0, "excluded_lines": 0}, "missing_lines": [], "excluded_lines": []}, "CheckCommandHandler.register_command": {"executed_lines": [37, 38], "summary": {"covered_lines": 2, "num_statements": 2, "percent_covered": 100.0, "percent_covered_display": "100", "missing_lines": 0, "excluded_lines": 0}, "missing_lines": [], "excluded_lines": []}, "CheckCommandHandler.register_command.check": {"executed_lines": [66], "summary": {"covered_lines": 1, "num_statements": 1, "percent_covered": 100.0, "percent_covered_display": "100", "missing_lines": 0, "excluded_lines": 0}, "missing_lines": [], "excluded_lines": []}, "CheckCommandHandler.validate_options": {"executed_lines": [86, 87, 89, 90, 91], "summary": {"covered_lines": 5, "num_statements": 5, "percent_covered": 100.0, "percent_covered_display": "100", "missing_lines": 0, "excluded_lines": 0}, "missing_lines": [], "excluded_lines": []}, "CheckCommandHandler._version_callback": {"executed_lines": [95, 96, 97], "summary": {"covered_lines": 3, "num_statements": 3, "percent_covered": 100.0, "percent_covered_display": "100", "missing_lines": 0, "excluded_lines": 0}, "missing_lines": [], "excluded_lines": []}, "CheckCommandHandler._execute_check_command": {"executed_lines": [119, 122, 131, 146, 149, 152, 153, 155, 157, 160, 161, 164, 165, 167, 168], "summary": {"covered_lines": 15, "num_statements": 15, "percent_covered": 100.0, "percent_covered_display": "100", "missing_lines": 0, "excluded_lines": 0}, "missing_lines": [], "excluded_lines": []}, "": {"executed_lines": [1, 3, 5, 6, 7, 9, 10, 12, 13, 14, 15, 16, 17, 18, 19, 20, 23, 24, 26, 30, 34, 84, 93, 99], "summary": {"covered_lines": 22, "num_statements": 22, "percent_covered": 100.0, "percent_covered_display": "100", "missing_lines": 0, "excluded_lines": 0}, "missing_lines": [], "excluded_lines": []}}, "classes": {"CheckCommandHandler": {"executed_lines": [28, 32, 37, 38, 66, 86, 87, 89, 90, 91, 95, 96, 97, 119, 122, 131, 146, 149, 152, 153, 155, 157, 160, 161, 164, 165, 167, 168], "summary": {"covered_lines": 28, "num_statements": 28, "percent_covered": 100.0, "percent_covered_display": "100", "missing_lines": 0, "excluded_lines": 0}, "missing_lines": [], "excluded_lines": []}, "": {"executed_lines": [1, 3, 5, 6, 7, 9, 10, 12, 13, 14, 15, 16, 17, 18, 19, 20, 23, 24, 26, 30, 34, 84, 93, 99], "summary": {"covered_lines": 22, "num_statements": 22, "percent_covered": 100.0, "percent_covered_display": "100", "missing_lines": 0, "excluded_lines": 0}, "missing_lines": [], "excluded_lines": []}}}, "src/appimage_updater/cli/handlers/config_handler.py": {"executed_lines": [1, 3, 5, 6, 8, 9, 11, 12, 13, 14, 15, 16, 19, 20, 22, 24, 26, 28, 30, 33, 34, 46, 50, 61, 63, 64, 65, 68, 70, 71, 72, 73, 74, 75, 76, 77, 80, 92, 103, 105, 106, 107, 109, 111, 112], "summary": {"covered_lines": 43, "num_statements": 45, "percent_covered": 95.55555555555556, "percent_covered_display": "96", "missing_lines": 2, "excluded_lines": 0}, "missing_lines": [47, 48], "excluded_lines": [], "functions": {"ConfigCommandHandler.__init__": {"executed_lines": [24], "summary": {"covered_lines": 1, "num_statements": 1, "percent_covered": 100.0, "percent_covered_display": "100", "missing_lines": 0, "excluded_lines": 0}, "missing_lines": [], "excluded_lines": []}, "ConfigCommandHandler.get_command_name": {"executed_lines": [28], "summary": {"covered_lines": 1, "num_statements": 1, "percent_covered": 100.0, "percent_covered_display": "100", "missing_lines": 0, "excluded_lines": 0}, "missing_lines": [], "excluded_lines": []}, "ConfigCommandHandler.register_command": {"executed_lines": [33, 34], "summary": {"covered_lines": 2, "num_statements": 2, "percent_covered": 100.0, "percent_covered_display": "100", "missing_lines": 0, "excluded_lines": 0}, "missing_lines": [], "excluded_lines": []}, "ConfigCommandHandler.register_command.config": {"executed_lines": [46, 50], "summary": {"covered_lines": 2, "num_statements": 4, "percent_covered": 50.0, "percent_covered_display": "50", "missing_lines": 2, "excluded_lines": 0}, "missing_lines": [47, 48], "excluded_lines": []}, "ConfigCommandHandler._version_callback": {"executed_lines": [63, 64, 65], "summary": {"covered_lines": 3, "num_statements": 3, "percent_covered": 100.0, "percent_covered_display": "100", "missing_lines": 0, "excluded_lines": 0}, "missing_lines": [], "excluded_lines": []}, "ConfigCommandHandler._show_config_help": {"executed_lines": [70, 71, 72, 73, 74, 75, 76, 77], "summary": {"covered_lines": 8, "num_statements": 8, "percent_covered": 100.0, "percent_covered_display": "100", "missing_lines": 0, "excluded_lines": 0}, "missing_lines": [], "excluded_lines": []}, "ConfigCommandHandler._execute_config_command": {"executed_lines": [92, 103, 105, 106, 107, 109, 111, 112], "summary": {"covered_lines": 8, "num_statements": 8, "percent_covered": 100.0, "percent_covered_display": "100", "missing_lines": 0, "excluded_lines": 0}, "missing_lines": [], "excluded_lines": []}, "": {"executed_lines": [1, 3, 5, 6, 8, 9, 11, 12, 13, 14, 15, 16, 19, 20, 22, 26, 30, 61, 68, 80], "summary": {"covered_lines": 18, "num_statements": 18, "percent_covered": 100.0, "percent_covered_display": "100", "missing_lines": 0, "excluded_lines": 0}, "missing_lines": [], "excluded_lines": []}}, "classes": {"ConfigCommandHandler": {"executed_lines": [24, 28, 33, 34, 46, 50, 63, 64, 65, 70, 71, 72, 73, 74, 75, 76, 77, 92, 103, 105, 106, 107, 109, 111, 112], "summary": {"covered_lines": 25, "num_statements": 27, "percent_covered": 92.5925925925926, "percent_covered_display": "93", "missing_lines": 2, "excluded_lines": 0}, "missing_lines": [47, 48], "excluded_lines": []}, "": {"executed_lines": [1, 3, 5, 6, 8, 9, 11, 12, 13, 14, 15, 16, 19, 20, 22, 26, 30, 61, 68, 80], "summary": {"covered_lines": 18, "num_statements": 18, "percent_covered": 100.0, "percent_covered_display": "100", "missing_lines": 0, "excluded_lines": 0}, "missing_lines": [], "excluded_lines": []}}}, "src/appimage_updater/cli/handlers/edit_handler.py": {"executed_lines": [1, 3, 5, 6, 7, 9, 10, 12, 13, 14, 15, 16, 17, 20, 21, 23, 25, 27, 29, 31, 34, 35, 66, 70, 100, 102, 103, 105, 106, 107, 109, 111, 112, 113, 116, 118, 119, 120, 122, 124, 126, 127, 129, 130, 131, 133, 135, 136], "summary": {"covered_lines": 46, "num_statements": 48, "percent_covered": 95.83333333333333, "percent_covered_display": "96", "missing_lines": 2, "excluded_lines": 0}, "missing_lines": [67, 68], "excluded_lines": [], "functions": {"EditCommandHandler.__init__": {"executed_lines": [25], "summary": {"covered_lines": 1, "num_statements": 1, "percent_covered": 100.0, "percent_covered_display": "100", "missing_lines": 0, "excluded_lines": 0}, "missing_lines": [], "excluded_lines": []}, "EditCommandHandler.get_command_name": {"executed_lines": [29], "summary": {"covered_lines": 1, "num_statements": 1, "percent_covered": 100.0, "percent_covered_display": "100", "missing_lines": 0, "excluded_lines": 0}, "missing_lines": [], "excluded_lines": []}, "EditCommandHandler.register_command": {"executed_lines": [34, 35], "summary": {"covered_lines": 2, "num_statements": 2, "percent_covered": 100.0, "percent_covered_display": "100", "missing_lines": 0, "excluded_lines": 0}, "missing_lines": [], "excluded_lines": []}, "EditCommandHandler.register_command.edit": {"executed_lines": [66, 70], "summary": {"covered_lines": 2, "num_statements": 4, "percent_covered": 50.0, "percent_covered_display": "50", "missing_lines": 2, "excluded_lines": 0}, "missing_lines": [67, 68], "excluded_lines": []}, "EditCommandHandler.validate_options": {"executed_lines": [102, 103, 105, 106, 107], "summary": {"covered_lines": 5, "num_statements": 5, "percent_covered": 100.0, "percent_covered_display": "100", "missing_lines": 0, "excluded_lines": 0}, "missing_lines": [], "excluded_lines": []}, "EditCommandHandler._version_callback": {"executed_lines": [111, 112, 113], "summary": {"covered_lines": 3, "num_statements": 3, "percent_covered": 100.0, "percent_covered_display": "100", "missing_lines": 0, "excluded_lines": 0}, "missing_lines": [], "excluded_lines": []}, "EditCommandHandler._show_edit_help": {"executed_lines": [118, 119, 120], "summary": {"covered_lines": 3, "num_statements": 3, "percent_covered": 100.0, "percent_covered_display": "100", "missing_lines": 0, "excluded_lines": 0}, "missing_lines": [], "excluded_lines": []}, "EditCommandHandler._execute_edit_command": {"executed_lines": [124, 126, 127, 129, 130, 131, 133, 135, 136], "summary": {"covered_lines": 9, "num_statements": 9, "percent_covered": 100.0, "percent_covered_display": "100", "missing_lines": 0, "excluded_lines": 0}, "missing_lines": [], "excluded_lines": []}, "": {"executed_lines": [1, 3, 5, 6, 7, 9, 10, 12, 13, 14, 15, 16, 17, 20, 21, 23, 27, 31, 100, 109, 116, 122], "summary": {"covered_lines": 20, "num_statements": 20, "percent_covered": 100.0, "percent_covered_display": "100", "missing_lines": 0, "excluded_lines": 0}, "missing_lines": [], "excluded_lines": []}}, "classes": {"EditCommandHandler": {"executed_lines": [25, 29, 34, 35, 66, 70, 102, 103, 105, 106, 107, 111, 112, 113, 118, 119, 120, 124, 126, 127, 129, 130, 131, 133, 135, 136], "summary": {"covered_lines": 26, "num_statements": 28, "percent_covered": 92.85714285714286, "percent_covered_display": "93", "missing_lines": 2, "excluded_lines": 0}, "missing_lines": [67, 68], "excluded_lines": []}, "": {"executed_lines": [1, 3, 5, 6, 7, 9, 10, 12, 13, 14, 15, 16, 17, 20, 21, 23, 27, 31, 100, 109, 116, 122], "summary": {"covered_lines": 20, "num_statements": 20, "percent_covered": 100.0, "percent_covered_display": "100", "missing_lines": 0, "excluded_lines": 0}, "missing_lines": [], "excluded_lines": []}}}, "src/appimage_updater/cli/handlers/list_handler.py": {"executed_lines": [1, 3, 5, 6, 8, 9, 11, 12, 13, 14, 15, 16, 19, 20, 22, 24, 26, 29, 30, 41, 49, 51, 52, 53, 54, 57, 66, 74, 77, 78, 79, 81, 83, 84], "summary": {"covered_lines": 32, "num_statements": 32, "percent_covered": 100.0, "percent_covered_display": "100", "missing_lines": 0, "excluded_lines": 0}, "missing_lines": [], "excluded_lines": [], "functions": {"ListCommandHandler.get_command_name": {"executed_lines": [24], "summary": {"covered_lines": 1, "num_statements": 1, "percent_covered": 100.0, "percent_covered_display": "100", "missing_lines": 0, "excluded_lines": 0}, "missing_lines": [], "excluded_lines": []}, "ListCommandHandler.register_command": {"executed_lines": [29, 30], "summary": {"covered_lines": 2, "num_statements": 2, "percent_covered": 100.0, "percent_covered_display": "100", "missing_lines": 0, "excluded_lines": 0}, "missing_lines": [], "excluded_lines": []}, "ListCommandHandler.register_command.list_apps": {"executed_lines": [41], "summary": {"covered_lines": 1, "num_statements": 1, "percent_covered": 100.0, "percent_covered_display": "100", "missing_lines": 0, "excluded_lines": 0}, "missing_lines": [], "excluded_lines": []}, "ListCommandHandler._version_callback": {"executed_lines": [51, 52, 53, 54], "summary": {"covered_lines": 4, "num_statements": 4, "percent_covered": 100.0, "percent_covered_display": "100", "missing_lines": 0, "excluded_lines": 0}, "missing_lines": [], "excluded_lines": []}, "ListCommandHandler._execute_list_command": {"executed_lines": [66, 74, 77, 78, 79, 81, 83, 84], "summary": {"covered_lines": 8, "num_statements": 8, "percent_covered": 100.0, "percent_covered_display": "100", "missing_lines": 0, "excluded_lines": 0}, "missing_lines": [], "excluded_lines": []}, "": {"executed_lines": [1, 3, 5, 6, 8, 9, 11, 12, 13, 14, 15, 16, 19, 20, 22, 26, 49, 57], "summary": {"covered_lines": 16, "num_statements": 16, "percent_covered": 100.0, "percent_covered_display": "100", "missing_lines": 0, "excluded_lines": 0}, "missing_lines": [], "excluded_lines": []}}, "classes": {"ListCommandHandler": {"executed_lines": [24, 29, 30, 41, 51, 52, 53, 54, 66, 74, 77, 78, 79, 81, 83, 84], "summary": {"covered_lines": 16, "num_statements": 16, "percent_covered": 100.0, "percent_covered_display": "100", "missing_lines": 0, "excluded_lines": 0}, "missing_lines": [], "excluded_lines": []}, "": {"executed_lines": [1, 3, 5, 6, 8, 9, 11, 12, 13, 14, 15, 16, 19, 20, 22, 26, 49, 57], "summary": {"covered_lines": 16, "num_statements": 16, "percent_covered": 100.0, "percent_covered_display": "100", "missing_lines": 0, "excluded_lines": 0}, "missing_lines": [], "excluded_lines": []}}}, "src/appimage_updater/cli/handlers/remove_handler.py": {"executed_lines": [1, 3, 5, 6, 7, 9, 10, 12, 13, 14, 15, 16, 17, 20, 21, 23, 25, 27, 29, 31, 34, 35, 46, 50, 60, 62, 63, 65, 66, 67, 69, 71, 72, 73, 76, 78, 79, 80, 82, 93, 95, 105, 107, 108, 109, 111, 113, 114], "summary": {"covered_lines": 46, "num_statements": 48, "percent_covered": 95.83333333333333, "percent_covered_display": "96", "missing_lines": 2, "excluded_lines": 0}, "missing_lines": [47, 48], "excluded_lines": [], "functions": {"RemoveCommandHandler.__init__": {"executed_lines": [25], "summary": {"covered_lines": 1, "num_statements": 1, "percent_covered": 100.0, "percent_covered_display": "100", "missing_lines": 0, "excluded_lines": 0}, "missing_lines": [], "excluded_lines": []}, "RemoveCommandHandler.get_command_name": {"executed_lines": [29], "summary": {"covered_lines": 1, "num_statements": 1, "percent_covered": 100.0, "percent_covered_display": "100", "missing_lines": 0, "excluded_lines": 0}, "missing_lines": [], "excluded_lines": []}, "RemoveCommandHandler.register_command": {"executed_lines": [34, 35], "summary": {"covered_lines": 2, "num_statements": 2, "percent_covered": 100.0, "percent_covered_display": "100", "missing_lines": 0, "excluded_lines": 0}, "missing_lines": [], "excluded_lines": []}, "RemoveCommandHandler.register_command.remove": {"executed_lines": [46, 50], "summary": {"covered_lines": 2, "num_statements": 4, "percent_covered": 50.0, "percent_covered_display": "50", "missing_lines": 2, "excluded_lines": 0}, "missing_lines": [47, 48], "excluded_lines": []}, "RemoveCommandHandler.validate_options": {"executed_lines": [62, 63, 65, 66, 67], "summary": {"covered_lines": 5, "num_statements": 5, "percent_covered": 100.0, "percent_covered_display": "100", "missing_lines": 0, "excluded_lines": 0}, "missing_lines": [], "excluded_lines": []}, "RemoveCommandHandler._version_callback": {"executed_lines": [71, 72, 73], "summary": {"covered_lines": 3, "num_statements": 3, "percent_covered": 100.0, "percent_covered_display": "100", "missing_lines": 0, "excluded_lines": 0}, "missing_lines": [], "excluded_lines": []}, "RemoveCommandHandler._show_remove_help": {"executed_lines": [78, 79, 80], "summary": {"covered_lines": 3, "num_statements": 3, "percent_covered": 100.0, "percent_covered_display": "100", "missing_lines": 0, "excluded_lines": 0}, "missing_lines": [], "excluded_lines": []}, "RemoveCommandHandler._execute_remove_command": {"executed_lines": [93, 95, 105, 107, 108, 109, 111, 113, 114], "summary": {"covered_lines": 9, "num_statements": 9, "percent_covered": 100.0, "percent_covered_display": "100", "missing_lines": 0, "excluded_lines": 0}, "missing_lines": [], "excluded_lines": []}, "": {"executed_lines": [1, 3, 5, 6, 7, 9, 10, 12, 13, 14, 15, 16, 17, 20, 21, 23, 27, 31, 60, 69, 76, 82], "summary": {"covered_lines": 20, "num_statements": 20, "percent_covered": 100.0, "percent_covered_display": "100", "missing_lines": 0, "excluded_lines": 0}, "missing_lines": [], "excluded_lines": []}}, "classes": {"RemoveCommandHandler": {"executed_lines": [25, 29, 34, 35, 46, 50, 62, 63, 65, 66, 67, 71, 72, 73, 78, 79, 80, 93, 95, 105, 107, 108, 109, 111, 113, 114], "summary": {"covered_lines": 26, "num_statements": 28, "percent_covered": 92.85714285714286, "percent_covered_display": "93", "missing_lines": 2, "excluded_lines": 0}, "missing_lines": [47, 48], "excluded_lines": []}, "": {"executed_lines": [1, 3, 5, 6, 7, 9, 10, 12, 13, 14, 15, 16, 17, 20, 21, 23, 27, 31, 60, 69, 76, 82], "summary": {"covered_lines": 20, "num_statements": 20, "percent_covered": 100.0, "percent_covered_display": "100", "missing_lines": 0, "excluded_lines": 0}, "missing_lines": [], "excluded_lines": []}}}, "src/appimage_updater/cli/handlers/repository_handler.py": {"executed_lines": [1, 3, 5, 6, 8, 9, 11, 12, 13, 14, 15, 16, 17, 18, 21, 22, 24, 26, 28, 30, 32, 35, 36, 52, 67, 69, 70, 71, 74, 91, 100, 113, 114, 117, 118, 119, 120, 121, 123, 125, 126, 127, 129, 131, 132], "summary": {"covered_lines": 43, "num_statements": 43, "percent_covered": 100.0, "percent_covered_display": "100", "missing_lines": 0, "excluded_lines": 0}, "missing_lines": [], "excluded_lines": [], "functions": {"RepositoryCommandHandler.__init__": {"executed_lines": [26], "summary": {"covered_lines": 1, "num_statements": 1, "percent_covered": 100.0, "percent_covered_display": "100", "missing_lines": 0, "excluded_lines": 0}, "missing_lines": [], "excluded_lines": []}, "RepositoryCommandHandler.get_command_name": {"executed_lines": [30], "summary": {"covered_lines": 1, "num_statements": 1, "percent_covered": 100.0, "percent_covered_display": "100", "missing_lines": 0, "excluded_lines": 0}, "missing_lines": [], "excluded_lines": []}, "RepositoryCommandHandler.register_command": {"executed_lines": [35, 36], "summary": {"covered_lines": 2, "num_statements": 2, "percent_covered": 100.0, "percent_covered_display": "100", "missing_lines": 0, "excluded_lines": 0}, "missing_lines": [], "excluded_lines": []}, "RepositoryCommandHandler.register_command.repository": {"executed_lines": [52], "summary": {"covered_lines": 1, "num_statements": 1, "percent_covered": 100.0, "percent_covered_display": "100", "missing_lines": 0, "excluded_lines": 0}, "missing_lines": [], "excluded_lines": []}, "RepositoryCommandHandler._version_callback": {"executed_lines": [69, 70, 71], "summary": {"covered_lines": 3, "num_statements": 3, "percent_covered": 100.0, "percent_covered_display": "100", "missing_lines": 0, "excluded_lines": 0}, "missing_lines": [], "excluded_lines": []}, "RepositoryCommandHandler._execute_repository_command": {"executed_lines": [91, 100, 113, 114, 117, 118, 119, 120, 121, 123, 125, 126, 127, 129, 131, 132], "summary": {"covered_lines": 16, "num_statements": 16, "percent_covered": 100.0, "percent_covered_display": "100", "missing_lines": 0, "excluded_lines": 0}, "missing_lines": [], "excluded_lines": []}, "": {"executed_lines": [1, 3, 5, 6, 8, 9, 11, 12, 13, 14, 15, 16, 17, 18, 21, 22, 24, 28, 32, 67, 74], "summary": {"covered_lines": 19, "num_statements": 19, "percent_covered": 100.0, "percent_covered_display": "100", "missing_lines": 0, "excluded_lines": 0}, "missing_lines": [], "excluded_lines": []}}, "classes": {"RepositoryCommandHandler": {"executed_lines": [26, 30, 35, 36, 52, 69, 70, 71, 91, 100, 113, 114, 117, 118, 119, 120, 121, 123, 125, 126, 127, 129, 131, 132], "summary": {"covered_lines": 24, "num_statements": 24, "percent_covered": 100.0, "percent_covered_display": "100", "missing_lines": 0, "excluded_lines": 0}, "missing_lines": [], "excluded_lines": []}, "": {"executed_lines": [1, 3, 5, 6, 8, 9, 11, 12, 13, 14, 15, 16, 17, 18, 21, 22, 24, 28, 32, 67, 74], "summary": {"covered_lines": 19, "num_statements": 19, "percent_covered": 100.0, "percent_covered_display": "100", "missing_lines": 0, "excluded_lines": 0}, "missing_lines": [], "excluded_lines": []}}}, "src/appimage_updater/cli/handlers/show_handler.py": {"executed_lines": [1, 3, 5, 6, 8, 9, 11, 12, 13, 14, 15, 16, 19, 20, 22, 24, 26, 29, 30, 51, 61, 63, 64, 65, 66, 68, 81, 91, 94, 95, 96, 98, 100, 101], "summary": {"covered_lines": 32, "num_statements": 32, "percent_covered": 100.0, "percent_covered_display": "100", "missing_lines": 0, "excluded_lines": 0}, "missing_lines": [], "excluded_lines": [], "functions": {"ShowCommandHandler.get_command_name": {"executed_lines": [24], "summary": {"covered_lines": 1, "num_statements": 1, "percent_covered": 100.0, "percent_covered_display": "100", "missing_lines": 0, "excluded_lines": 0}, "missing_lines": [], "excluded_lines": []}, "ShowCommandHandler.register_command": {"executed_lines": [29, 30], "summary": {"covered_lines": 2, "num_statements": 2, "percent_covered": 100.0, "percent_covered_display": "100", "missing_lines": 0, "excluded_lines": 0}, "missing_lines": [], "excluded_lines": []}, "ShowCommandHandler.register_command.show": {"executed_lines": [51], "summary": {"covered_lines": 1, "num_statements": 1, "percent_covered": 100.0, "percent_covered_display": "100", "missing_lines": 0, "excluded_lines": 0}, "missing_lines": [], "excluded_lines": []}, "ShowCommandHandler._version_callback": {"executed_lines": [63, 64, 65, 66], "summary": {"covered_lines": 4, "num_statements": 4, "percent_covered": 100.0, "percent_covered_display": "100", "missing_lines": 0, "excluded_lines": 0}, "missing_lines": [], "excluded_lines": []}, "ShowCommandHandler._execute_show_command": {"executed_lines": [81, 91, 94, 95, 96, 98, 100, 101], "summary": {"covered_lines": 8, "num_statements": 8, "percent_covered": 100.0, "percent_covered_display": "100", "missing_lines": 0, "excluded_lines": 0}, "missing_lines": [], "excluded_lines": []}, "": {"executed_lines": [1, 3, 5, 6, 8, 9, 11, 12, 13, 14, 15, 16, 19, 20, 22, 26, 61, 68], "summary": {"covered_lines": 16, "num_statements": 16, "percent_covered": 100.0, "percent_covered_display": "100", "missing_lines": 0, "excluded_lines": 0}, "missing_lines": [], "excluded_lines": []}}, "classes": {"ShowCommandHandler": {"executed_lines": [24, 29, 30, 51, 63, 64, 65, 66, 81, 91, 94, 95, 96, 98, 100, 101], "summary": {"covered_lines": 16, "num_statements": 16, "percent_covered": 100.0, "percent_covered_display": "100", "missing_lines": 0, "excluded_lines": 0}, "missing_lines": [], "excluded_lines": []}, "": {"executed_lines": [1, 3, 5, 6, 8, 9, 11, 12, 13, 14, 15, 16, 19, 20, 22, 26, 61, 68], "summary": {"covered_lines": 16, "num_statements": 16, "percent_covered": 100.0, "percent_covered_display": "100", "missing_lines": 0, "excluded_lines": 0}, "missing_lines": [], "excluded_lines": []}}}, "src/appimage_updater/cli/options.py": {"executed_lines": [1, 7, 9, 11, 13, 16, 17, 23, 24, 26, 32, 33, 35, 48, 55, 62, 69, 77, 83, 90, 97, 103, 113, 119, 127, 133, 143, 149, 159, 163, 167, 175, 181, 189, 195, 201, 207, 213, 219, 225, 231, 237, 243, 249, 255, 262, 268, 274, 275, 276, 277, 278, 281, 282, 283, 284, 285, 288, 291, 292, 293, 296, 297, 300, 304, 314, 324, 330, 337, 348, 353, 362, 369, 379, 381, 383, 385], "summary": {"covered_lines": 75, "num_statements": 75, "percent_covered": 100.0, "percent_covered_display": "100", "missing_lines": 0, "excluded_lines": 0}, "missing_lines": [], "excluded_lines": [], "functions": {"CLIOptions.debug_option": {"executed_lines": [26], "summary": {"covered_lines": 1, "num_statements": 1, "percent_covered": 100.0, "percent_covered_display": "100", "missing_lines": 0, "excluded_lines": 0}, "missing_lines": [], "excluded_lines": []}, "CLIOptions.version_option": {"executed_lines": [35], "summary": {"covered_lines": 1, "num_statements": 1, "percent_covered": 100.0, "percent_covered_display": "100", "missing_lines": 0, "excluded_lines": 0}, "missing_lines": [], "excluded_lines": []}, "": {"executed_lines": [1, 7, 9, 11, 13, 16, 17, 23, 24, 32, 33, 48, 55, 62, 69, 77, 83, 90, 97, 103, 113, 119, 127, 133, 143, 149, 159, 163, 167, 175, 181, 189, 195, 201, 207, 213, 219, 225, 231, 237, 243, 249, 255, 262, 268, 274, 275, 276, 277, 278, 281, 282, 283, 284, 285, 288, 291, 292, 293, 296, 297, 300, 304, 314, 324, 330, 337, 348, 353, 362, 369, 379, 381, 383, 385], "summary": {"covered_lines": 73, "num_statements": 73, "percent_covered": 100.0, "percent_covered_display": "100", "missing_lines": 0, "excluded_lines": 0}, "missing_lines": [], "excluded_lines": []}}, "classes": {"CLIOptions": {"executed_lines": [26, 35], "summary": {"covered_lines": 2, "num_statements": 2, "percent_covered": 100.0, "percent_covered_display": "100", "missing_lines": 0, "excluded_lines": 0}, "missing_lines": [], "excluded_lines": []}, "": {"executed_lines": [1, 7, 9, 11, 13, 16, 17, 23, 24, 32, 33, 48, 55, 62, 69, 77, 83, 90, 97, 103, 113, 119, 127, 133, 143, 149, 159, 163, 167, 175, 181, 189, 195, 201, 207, 213, 219, 225, 231, 237, 243, 249, 255, 262, 268, 274, 275, 276, 277, 278, 281, 282, 283, 284, 285, 288, 291, 292, 293, 296, 297, 300, 304, 314, 324, 330, 337, 348, 353, 362, 369, 379, 381, 383, 385], "summary": {"covered_lines": 73, "num_statements": 73, "percent_covered": 100.0, "percent_covered_display": "100", "missing_lines": 0, "excluded_lines": 0}, "missing_lines": [], "excluded_lines": []}}}, "src/appimage_updater/commands/__init__.py": {"executed_lines": [1], "summary": {"covered_lines": 0, "num_statements": 0, "percent_covered": 100.0, "percent_covered_display": "100", "missing_lines": 0, "excluded_lines": 0}, "missing_lines": [], "excluded_lines": [], "functions": {"": {"executed_lines": [1], "summary": {"covered_lines": 0, "num_statements": 0, "percent_covered": 100.0, "percent_covered_display": "100", "missing_lines": 0, "excluded_lines": 0}, "missing_lines": [], "excluded_lines": []}}, "classes": {"": {"executed_lines": [1], "summary": {"covered_lines": 0, "num_statements": 0, "percent_covered": 100.0, "percent_covered_display": "100", "missing_lines": 0, "excluded_lines": 0}, "missing_lines": [], "excluded_lines": []}}}, "src/appimage_updater/commands/add_command.py": {"executed_lines": [1, 3, 5, 7, 8, 10, 11, 12, 13, 17, 18, 22, 25, 26, 28, 29, 30, 32, 34, 37, 38, 40, 41, 43, 44, 46, 48, 50, 52, 54, 55, 56, 59, 61, 62, 64, 66, 67, 69, 71, 73, 74, 75, 76, 78, 79, 81, 83, 84, 87, 88, 91, 93, 94, 95, 97, 99, 100, 101, 103, 104, 106, 108, 110, 112, 113, 114, 116, 117, 120, 121, 123, 125, 126, 127, 129, 130, 131, 133, 136, 138, 139, 140, 141, 144, 145, 147, 148, 149, 152, 153, 155, 157, 158, 160, 162, 164, 165, 166, 167, 168, 169, 170, 171, 172, 173, 174, 175, 176, 177, 178, 179, 180, 181, 183, 190, 214, 217, 219], "summary": {"covered_lines": 117, "num_statements": 118, "percent_covered": 99.15254237288136, "percent_covered_display": "99", "missing_lines": 1, "excluded_lines": 0}, "missing_lines": [85], "excluded_lines": [], "functions": {"AddCommand.__init__": {"executed_lines": [29, 30], "summary": {"covered_lines": 2, "num_statements": 2, "percent_covered": 100.0, "percent_covered_display": "100", "missing_lines": 0, "excluded_lines": 0}, "missing_lines": [], "excluded_lines": []}, "AddCommand.validate": {"executed_lines": [34, 37, 38, 40, 41, 43, 44, 46], "summary": {"covered_lines": 8, "num_statements": 8, "percent_covered": 100.0, "percent_covered_display": "100", "missing_lines": 0, "excluded_lines": 0}, "missing_lines": [], "excluded_lines": []}, "AddCommand.execute": {"executed_lines": [50, 52, 54, 55, 56, 59, 61, 62], "summary": {"covered_lines": 8, "num_statements": 8, "percent_covered": 100.0, "percent_covered_display": "100", "missing_lines": 0, "excluded_lines": 0}, "missing_lines": [], "excluded_lines": []}, "AddCommand._execute_main_add_workflow": {"executed_lines": [66, 67, 69], "summary": {"covered_lines": 3, "num_statements": 3, "percent_covered": 100.0, "percent_covered_display": "100", "missing_lines": 0, "excluded_lines": 0}, "missing_lines": [], "excluded_lines": []}, "AddCommand._execute_with_formatter_context": {"executed_lines": [73, 74, 75, 76, 78, 79], "summary": {"covered_lines": 6, "num_statements": 6, "percent_covered": 100.0, "percent_covered_display": "100", "missing_lines": 0, "excluded_lines": 0}, "missing_lines": [], "excluded_lines": []}, "AddCommand._execute_without_formatter": {"executed_lines": [83, 84, 87, 88], "summary": {"covered_lines": 4, "num_statements": 5, "percent_covered": 80.0, "percent_covered_display": "80", "missing_lines": 1, "excluded_lines": 0}, "missing_lines": [85], "excluded_lines": []}, "AddCommand._handle_execution_error": {"executed_lines": [93, 94, 95], "summary": {"covered_lines": 3, "num_statements": 3, "percent_covered": 100.0, "percent_covered_display": "100", "missing_lines": 0, "excluded_lines": 0}, "missing_lines": [], "excluded_lines": []}, "AddCommand._handle_special_modes": {"executed_lines": [99, 100, 101, 103, 104, 106], "summary": {"covered_lines": 6, "num_statements": 6, "percent_covered": 100.0, "percent_covered_display": "100", "missing_lines": 0, "excluded_lines": 0}, "missing_lines": [], "excluded_lines": []}, "AddCommand._handle_interactive_mode": {"executed_lines": [110, 112, 113, 114, 116, 117, 120, 121], "summary": {"covered_lines": 8, "num_statements": 8, "percent_covered": 100.0, "percent_covered_display": "100", "missing_lines": 0, "excluded_lines": 0}, "missing_lines": [], "excluded_lines": []}, "AddCommand._validate_parameters": {"executed_lines": [125, 126, 127, 129, 130, 131], "summary": {"covered_lines": 6, "num_statements": 6, "percent_covered": 100.0, "percent_covered_display": "100", "missing_lines": 0, "excluded_lines": 0}, "missing_lines": [], "excluded_lines": []}, "AddCommand._show_validation_help": {"executed_lines": [136, 138, 139, 140, 141, 144, 145, 147, 148, 149, 152, 153], "summary": {"covered_lines": 12, "num_statements": 12, "percent_covered": 100.0, "percent_covered_display": "100", "missing_lines": 0, "excluded_lines": 0}, "missing_lines": [], "excluded_lines": []}, "AddCommand._create_execution_result": {"executed_lines": [157, 158, 160], "summary": {"covered_lines": 3, "num_statements": 3, "percent_covered": 100.0, "percent_covered_display": "100", "missing_lines": 0, "excluded_lines": 0}, "missing_lines": [], "excluded_lines": []}, "AddCommand._update_params_from_interactive": {"executed_lines": [164, 165, 166, 167, 168, 169, 170, 171, 172, 173, 174, 175, 176, 177, 178, 179, 180, 181], "summary": {"covered_lines": 18, "num_statements": 18, "percent_covered": 100.0, "percent_covered_display": "100", "missing_lines": 0, "excluded_lines": 0}, "missing_lines": [], "excluded_lines": []}, "AddCommand._execute_add_operation": {"executed_lines": [190, 214], "summary": {"covered_lines": 2, "num_statements": 2, "percent_covered": 100.0, "percent_covered_display": "100", "missing_lines": 0, "excluded_lines": 0}, "missing_lines": [], "excluded_lines": []}, "AddCommand._show_add_examples": {"executed_lines": [219], "summary": {"covered_lines": 1, "num_statements": 1, "percent_covered": 100.0, "percent_covered_display": "100", "missing_lines": 0, "excluded_lines": 0}, "missing_lines": [], "excluded_lines": []}, "": {"executed_lines": [1, 3, 5, 7, 8, 10, 11, 12, 13, 17, 18, 22, 25, 26, 28, 32, 48, 64, 71, 81, 91, 97, 108, 123, 133, 155, 162, 183, 217], "summary": {"covered_lines": 27, "num_statements": 27, "percent_covered": 100.0, "percent_covered_display": "100", "missing_lines": 0, "excluded_lines": 0}, "missing_lines": [], "excluded_lines": []}}, "classes": {"AddCommand": {"executed_lines": [29, 30, 34, 37, 38, 40, 41, 43, 44, 46, 50, 52, 54, 55, 56, 59, 61, 62, 66, 67, 69, 73, 74, 75, 76, 78, 79, 83, 84, 87, 88, 93, 94, 95, 99, 100, 101, 103, 104, 106, 110, 112, 113, 114, 116, 117, 120, 121, 125, 126, 127, 129, 130, 131, 136, 138, 139, 140, 141, 144, 145, 147, 148, 149, 152, 153, 157, 158, 160, 164, 165, 166, 167, 168, 169, 170, 171, 172, 173, 174, 175, 176, 177, 178, 179, 180, 181, 190, 214, 219], "summary": {"covered_lines": 90, "num_statements": 91, "percent_covered": 98.9010989010989, "percent_covered_display": "99", "missing_lines": 1, "excluded_lines": 0}, "missing_lines": [85], "excluded_lines": []}, "": {"executed_lines": [1, 3, 5, 7, 8, 10, 11, 12, 13, 17, 18, 22, 25, 26, 28, 32, 48, 64, 71, 81, 91, 97, 108, 123, 133, 155, 162, 183, 217], "summary": {"covered_lines": 27, "num_statements": 27, "percent_covered": 100.0, "percent_covered_display": "100", "missing_lines": 0, "excluded_lines": 0}, "missing_lines": [], "excluded_lines": []}}}, "src/appimage_updater/commands/base.py": {"executed_lines": [1, 3, 5, 9, 12, 13, 14, 16, 17, 18, 20, 22, 23, 26, 27, 29, 30, 34, 35], "summary": {"covered_lines": 16, "num_statements": 18, "percent_covered": 88.88888888888889, "percent_covered_display": "89", "missing_lines": 2, "excluded_lines": 0}, "missing_lines": [32, 37], "excluded_lines": [], "functions": {"CommandResult.__post_init__": {"executed_lines": [22, 23], "summary": {"covered_lines": 2, "num_statements": 2, "percent_covered": 100.0, "percent_covered_display": "100", "missing_lines": 0, "excluded_lines": 0}, "missing_lines": [], "excluded_lines": []}, "Command.execute": {"executed_lines": [], "summary": {"covered_lines": 0, "num_statements": 1, "percent_covered": 0.0, "percent_covered_display": "0", "missing_lines": 1, "excluded_lines": 0}, "missing_lines": [32], "excluded_lines": []}, "Command.validate": {"executed_lines": [], "summary": {"covered_lines": 0, "num_statements": 1, "percent_covered": 0.0, "percent_covered_display": "0", "missing_lines": 1, "excluded_lines": 0}, "missing_lines": [37], "excluded_lines": []}, "": {"executed_lines": [1, 3, 5, 9, 12, 13, 14, 16, 17, 18, 20, 26, 27, 29, 30, 34, 35], "summary": {"covered_lines": 14, "num_statements": 14, "percent_covered": 100.0, "percent_covered_display": "100", "missing_lines": 0, "excluded_lines": 0}, "missing_lines": [], "excluded_lines": []}}, "classes": {"CommandResult": {"executed_lines": [22, 23], "summary": {"covered_lines": 2, "num_statements": 2, "percent_covered": 100.0, "percent_covered_display": "100", "missing_lines": 0, "excluded_lines": 0}, "missing_lines": [], "excluded_lines": []}, "Command": {"executed_lines": [], "summary": {"covered_lines": 0, "num_statements": 2, "percent_covered": 0.0, "percent_covered_display": "0", "missing_lines": 2, "excluded_lines": 0}, "missing_lines": [32, 37], "excluded_lines": []}, "": {"executed_lines": [1, 3, 5, 9, 12, 13, 14, 16, 17, 18, 20, 26, 27, 29, 30, 34, 35], "summary": {"covered_lines": 14, "num_statements": 14, "percent_covered": 100.0, "percent_covered_display": "100", "missing_lines": 0, "excluded_lines": 0}, "missing_lines": [], "excluded_lines": []}}}, "src/appimage_updater/commands/base_command.py": {"executed_lines": [1, 3, 4, 6, 8, 11, 12, 14, 16, 18, 19, 27, 28, 39, 45, 46, 47, 48, 49, 50], "summary": {"covered_lines": 18, "num_statements": 20, "percent_covered": 90.0, "percent_covered_display": "90", "missing_lines": 2, "excluded_lines": 0}, "missing_lines": [25, 37], "excluded_lines": [], "functions": {"BaseCommand.__init__": {"executed_lines": [16], "summary": {"covered_lines": 1, "num_statements": 1, "percent_covered": 100.0, "percent_covered_display": "100", "missing_lines": 0, "excluded_lines": 0}, "missing_lines": [], "excluded_lines": []}, "BaseCommand.validate": {"executed_lines": [], "summary": {"covered_lines": 0, "num_statements": 1, "percent_covered": 0.0, "percent_covered_display": "0", "missing_lines": 1, "excluded_lines": 0}, "missing_lines": [25], "excluded_lines": []}, "BaseCommand.execute": {"executed_lines": [], "summary": {"covered_lines": 0, "num_statements": 1, "percent_covered": 0.0, "percent_covered_display": "0", "missing_lines": 1, "excluded_lines": 0}, "missing_lines": [37], "excluded_lines": []}, "BaseCommand._handle_validation_errors": {"executed_lines": [45, 46, 47, 48, 49, 50], "summary": {"covered_lines": 6, "num_statements": 6, "percent_covered": 100.0, "percent_covered_display": "100", "missing_lines": 0, "excluded_lines": 0}, "missing_lines": [], "excluded_lines": []}, "": {"executed_lines": [1, 3, 4, 6, 8, 11, 12, 14, 18, 19, 27, 28, 39], "summary": {"covered_lines": 11, "num_statements": 11, "percent_covered": 100.0, "percent_covered_display": "100", "missing_lines": 0, "excluded_lines": 0}, "missing_lines": [], "excluded_lines": []}}, "classes": {"BaseCommand": {"executed_lines": [16, 45, 46, 47, 48, 49, 50], "summary": {"covered_lines": 7, "num_statements": 9, "percent_covered": 77.77777777777777, "percent_covered_display": "78", "missing_lines": 2, "excluded_lines": 0}, "missing_lines": [25, 37], "excluded_lines": []}, "": {"executed_lines": [1, 3, 4, 6, 8, 11, 12, 14, 18, 19, 27, 28, 39], "summary": {"covered_lines": 11, "num_statements": 11, "percent_covered": 100.0, "percent_covered_display": "100", "missing_lines": 0, "excluded_lines": 0}, "missing_lines": [], "excluded_lines": []}}}, "src/appimage_updater/commands/check_command.py": {"executed_lines": [1, 3, 5, 6, 8, 9, 10, 14, 17, 18, 20, 21, 22, 24, 27, 29, 36, 38, 39, 41, 42, 43, 44, 47, 49, 50, 51, 52, 55, 57, 58, 61, 63, 64, 66, 68, 69, 71, 72, 75, 77, 79, 81, 82, 83, 84, 87, 89, 91, 93, 95, 96, 97, 98, 100, 103, 105, 106, 107, 110, 112, 113, 115, 117, 126, 138], "summary": {"covered_lines": 64, "num_statements": 64, "percent_covered": 100.0, "percent_covered_display": "100", "missing_lines": 0, "excluded_lines": 0}, "missing_lines": [], "excluded_lines": [], "functions": {"CheckCommand.__init__": {"executed_lines": [21, 22], "summary": {"covered_lines": 2, "num_statements": 2, "percent_covered": 100.0, "percent_covered_display": "100", "missing_lines": 0, "excluded_lines": 0}, "missing_lines": [], "excluded_lines": []}, "CheckCommand.validate": {"executed_lines": [27], "summary": {"covered_lines": 1, "num_statements": 1, "percent_covered": 100.0, "percent_covered_display": "100", "missing_lines": 0, "excluded_lines": 0}, "missing_lines": [], "excluded_lines": []}, "CheckCommand.execute": {"executed_lines": [36, 38, 39, 41, 42, 43, 44, 47, 49, 50, 51, 52], "summary": {"covered_lines": 12, "num_statements": 12, "percent_covered": 100.0, "percent_covered_display": "100", "missing_lines": 0, "excluded_lines": 0}, "missing_lines": [], "excluded_lines": []}, "CheckCommand._start_http_tracking": {"executed_lines": [57, 58], "summary": {"covered_lines": 2, "num_statements": 2, "percent_covered": 100.0, "percent_covered_display": "100", "missing_lines": 0, "excluded_lines": 0}, "missing_lines": [], "excluded_lines": []}, "CheckCommand._stop_http_tracking": {"executed_lines": [63, 64], "summary": {"covered_lines": 2, "num_statements": 2, "percent_covered": 100.0, "percent_covered_display": "100", "missing_lines": 0, "excluded_lines": 0}, "missing_lines": [], "excluded_lines": []}, "CheckCommand._display_http_tracking_summary": {"executed_lines": [68, 69, 71, 72], "summary": {"covered_lines": 4, "num_statements": 4, "percent_covered": 100.0, "percent_covered_display": "100", "missing_lines": 0, "excluded_lines": 0}, "missing_lines": [], "excluded_lines": []}, "CheckCommand._should_display_tracking_summary": {"executed_lines": [77], "summary": {"covered_lines": 1, "num_statements": 1, "percent_covered": 100.0, "percent_covered_display": "100", "missing_lines": 0, "excluded_lines": 0}, "missing_lines": [], "excluded_lines": []}, "CheckCommand._display_tracking_section": {"executed_lines": [81, 82, 83, 84], "summary": {"covered_lines": 4, "num_statements": 4, "percent_covered": 100.0, "percent_covered_display": "100", "missing_lines": 0, "excluded_lines": 0}, "missing_lines": [], "excluded_lines": []}, "CheckCommand._display_request_count": {"executed_lines": [89], "summary": {"covered_lines": 1, "num_statements": 1, "percent_covered": 100.0, "percent_covered_display": "100", "missing_lines": 0, "excluded_lines": 0}, "missing_lines": [], "excluded_lines": []}, "CheckCommand._display_request_details": {"executed_lines": [93, 95, 96, 97, 98, 100], "summary": {"covered_lines": 6, "num_statements": 6, "percent_covered": 100.0, "percent_covered_display": "100", "missing_lines": 0, "excluded_lines": 0}, "missing_lines": [], "excluded_lines": []}, "CheckCommand._display_remaining_count": {"executed_lines": [105, 106, 107], "summary": {"covered_lines": 3, "num_statements": 3, "percent_covered": 100.0, "percent_covered_display": "100", "missing_lines": 0, "excluded_lines": 0}, "missing_lines": [], "excluded_lines": []}, "CheckCommand._create_result": {"executed_lines": [112, 113, 115], "summary": {"covered_lines": 3, "num_statements": 3, "percent_covered": 100.0, "percent_covered_display": "100", "missing_lines": 0, "excluded_lines": 0}, "missing_lines": [], "excluded_lines": []}, "CheckCommand._execute_check_operation": {"executed_lines": [126, 138], "summary": {"covered_lines": 2, "num_statements": 2, "percent_covered": 100.0, "percent_covered_display": "100", "missing_lines": 0, "excluded_lines": 0}, "missing_lines": [], "excluded_lines": []}, "": {"executed_lines": [1, 3, 5, 6, 8, 9, 10, 14, 17, 18, 20, 24, 29, 55, 61, 66, 75, 79, 87, 91, 103, 110, 117], "summary": {"covered_lines": 21, "num_statements": 21, "percent_covered": 100.0, "percent_covered_display": "100", "missing_lines": 0, "excluded_lines": 0}, "missing_lines": [], "excluded_lines": []}}, "classes": {"CheckCommand": {"executed_lines": [21, 22, 27, 36, 38, 39, 41, 42, 43, 44, 47, 49, 50, 51, 52, 57, 58, 63, 64, 68, 69, 71, 72, 77, 81, 82, 83, 84, 89, 93, 95, 96, 97, 98, 100, 105, 106, 107, 112, 113, 115, 126, 138], "summary": {"covered_lines": 43, "num_statements": 43, "percent_covered": 100.0, "percent_covered_display": "100", "missing_lines": 0, "excluded_lines": 0}, "missing_lines": [], "excluded_lines": []}, "": {"executed_lines": [1, 3, 5, 6, 8, 9, 10, 14, 17, 18, 20, 24, 29, 55, 61, 66, 75, 79, 87, 91, 103, 110, 117], "summary": {"covered_lines": 21, "num_statements": 21, "percent_covered": 100.0, "percent_covered_display": "100", "missing_lines": 0, "excluded_lines": 0}, "missing_lines": [], "excluded_lines": []}}}, "src/appimage_updater/commands/config_command.py": {"executed_lines": [1, 3, 5, 6, 8, 9, 11, 18, 19, 20, 24, 27, 28, 30, 31, 32, 34, 36, 37, 38, 39, 41, 43, 44, 45, 47, 49, 50, 51, 53, 55, 56, 57, 58, 59, 61, 63, 65, 67, 68, 69, 72, 73, 74, 76, 78, 80, 81, 82, 83, 85, 87, 88, 89, 91, 92, 93, 94, 96, 98, 99, 100, 101, 103, 106, 108, 109, 111, 113, 119, 120, 121, 122, 124, 125, 127, 130], "summary": {"covered_lines": 75, "num_statements": 75, "percent_covered": 100.0, "percent_covered_display": "100", "missing_lines": 0, "excluded_lines": 0}, "missing_lines": [], "excluded_lines": [], "functions": {"ConfigCommand.__init__": {"executed_lines": [31, 32], "summary": {"covered_lines": 2, "num_statements": 2, "percent_covered": 100.0, "percent_covered_display": "100", "missing_lines": 0, "excluded_lines": 0}, "missing_lines": [], "excluded_lines": []}, "ConfigCommand._validate_action": {"executed_lines": [36, 37, 38, 39], "summary": {"covered_lines": 4, "num_statements": 4, "percent_covered": 100.0, "percent_covered_display": "100", "missing_lines": 0, "excluded_lines": 0}, "missing_lines": [], "excluded_lines": []}, "ConfigCommand._validate_set_action_parameters": {"executed_lines": [43, 44, 45], "summary": {"covered_lines": 3, "num_statements": 3, "percent_covered": 100.0, "percent_covered_display": "100", "missing_lines": 0, "excluded_lines": 0}, "missing_lines": [], "excluded_lines": []}, "ConfigCommand._validate_show_effective_parameters": {"executed_lines": [49, 50, 51], "summary": {"covered_lines": 3, "num_statements": 3, "percent_covered": 100.0, "percent_covered_display": "100", "missing_lines": 0, "excluded_lines": 0}, "missing_lines": [], "excluded_lines": []}, "ConfigCommand.validate": {"executed_lines": [55, 56, 57, 58, 59], "summary": {"covered_lines": 5, "num_statements": 5, "percent_covered": 100.0, "percent_covered_display": "100", "missing_lines": 0, "excluded_lines": 0}, "missing_lines": [], "excluded_lines": []}, "ConfigCommand.execute": {"executed_lines": [63, 65, 67, 68, 69, 72, 73, 74, 76, 78, 80, 81, 82, 83], "summary": {"covered_lines": 14, "num_statements": 14, "percent_covered": 100.0, "percent_covered_display": "100", "missing_lines": 0, "excluded_lines": 0}, "missing_lines": [], "excluded_lines": []}, "ConfigCommand._validate_and_show_help": {"executed_lines": [87, 88, 89, 91, 92, 93, 94], "summary": {"covered_lines": 7, "num_statements": 7, "percent_covered": 100.0, "percent_covered_display": "100", "missing_lines": 0, "excluded_lines": 0}, "missing_lines": [], "excluded_lines": []}, "ConfigCommand._show_usage_help": {"executed_lines": [98, 99, 100, 101, 103], "summary": {"covered_lines": 5, "num_statements": 5, "percent_covered": 100.0, "percent_covered_display": "100", "missing_lines": 0, "excluded_lines": 0}, "missing_lines": [], "excluded_lines": []}, "ConfigCommand._create_result": {"executed_lines": [108, 109, 111], "summary": {"covered_lines": 3, "num_statements": 3, "percent_covered": 100.0, "percent_covered_display": "100", "missing_lines": 0, "excluded_lines": 0}, "missing_lines": [], "excluded_lines": []}, "ConfigCommand._execute_config_operation": {"executed_lines": [119, 120, 121, 122, 124, 125], "summary": {"covered_lines": 6, "num_statements": 6, "percent_covered": 100.0, "percent_covered_display": "100", "missing_lines": 0, "excluded_lines": 0}, "missing_lines": [], "excluded_lines": []}, "ConfigCommand._get_action_handlers": {"executed_lines": [130], "summary": {"covered_lines": 1, "num_statements": 1, "percent_covered": 100.0, "percent_covered_display": "100", "missing_lines": 0, "excluded_lines": 0}, "missing_lines": [], "excluded_lines": []}, "": {"executed_lines": [1, 3, 5, 6, 8, 9, 11, 18, 19, 20, 24, 27, 28, 30, 34, 41, 47, 53, 61, 85, 96, 106, 113, 127], "summary": {"covered_lines": 22, "num_statements": 22, "percent_covered": 100.0, "percent_covered_display": "100", "missing_lines": 0, "excluded_lines": 0}, "missing_lines": [], "excluded_lines": []}}, "classes": {"ConfigCommand": {"executed_lines": [31, 32, 36, 37, 38, 39, 43, 44, 45, 49, 50, 51, 55, 56, 57, 58, 59, 63, 65, 67, 68, 69, 72, 73, 74, 76, 78, 80, 81, 82, 83, 87, 88, 89, 91, 92, 93, 94, 98, 99, 100, 101, 103, 108, 109, 111, 119, 120, 121, 122, 124, 125, 130], "summary": {"covered_lines": 53, "num_statements": 53, "percent_covered": 100.0, "percent_covered_display": "100", "missing_lines": 0, "excluded_lines": 0}, "missing_lines": [], "excluded_lines": []}, "": {"executed_lines": [1, 3, 5, 6, 8, 9, 11, 18, 19, 20, 24, 27, 28, 30, 34, 41, 47, 53, 61, 85, 96, 106, 113, 127], "summary": {"covered_lines": 22, "num_statements": 22, "percent_covered": 100.0, "percent_covered_display": "100", "missing_lines": 0, "excluded_lines": 0}, "missing_lines": [], "excluded_lines": []}}}, "src/appimage_updater/commands/edit_command.py": {"executed_lines": [1, 3, 5, 6, 8, 9, 11, 16, 20, 26, 27, 28, 29, 30, 34, 35, 36, 39, 40, 42, 43, 44, 46, 48, 50, 51, 53, 55, 57, 59, 61, 63, 64, 65, 66, 68, 70, 71, 73, 75, 77, 78, 79, 80, 82, 83, 85, 94, 96, 98, 100, 103, 105, 106, 107, 110, 112, 113, 114, 116, 122, 123, 126, 127, 130, 131, 132, 134, 135, 136, 137, 139, 140, 142, 144, 145, 146, 147, 148, 149, 151, 152, 155, 157, 159, 161, 162, 164, 170, 171, 172, 173, 174, 177, 183, 184, 186, 187, 189, 192, 211, 214, 215, 217, 220, 224, 226, 227, 229, 231, 232, 233, 234, 235, 242, 244, 246, 248, 249, 251, 252, 260, 262, 263, 264, 265, 266, 267, 268, 269], "summary": {"covered_lines": 128, "num_statements": 142, "percent_covered": 90.14084507042253, "percent_covered_display": "90", "missing_lines": 14, "excluded_lines": 0}, "missing_lines": [87, 88, 89, 91, 92, 124, 128, 236, 237, 238, 239, 240, 257, 258], "excluded_lines": [], "functions": {"EditCommand.__init__": {"executed_lines": [43, 44], "summary": {"covered_lines": 2, "num_statements": 2, "percent_covered": 100.0, "percent_covered_display": "100", "missing_lines": 0, "excluded_lines": 0}, "missing_lines": [], "excluded_lines": []}, "EditCommand.validate": {"executed_lines": [48, 50, 51, 53], "summary": {"covered_lines": 4, "num_statements": 4, "percent_covered": 100.0, "percent_covered_display": "100", "missing_lines": 0, "excluded_lines": 0}, "missing_lines": [], "excluded_lines": []}, "EditCommand.execute": {"executed_lines": [57, 59, 61, 63, 64, 65, 66], "summary": {"covered_lines": 7, "num_statements": 7, "percent_covered": 100.0, "percent_covered_display": "100", "missing_lines": 0, "excluded_lines": 0}, "missing_lines": [], "excluded_lines": []}, "EditCommand._execute_main_edit_workflow": {"executed_lines": [70, 71, 73], "summary": {"covered_lines": 3, "num_statements": 3, "percent_covered": 100.0, "percent_covered_display": "100", "missing_lines": 0, "excluded_lines": 0}, "missing_lines": [], "excluded_lines": []}, "EditCommand._execute_with_formatter_context": {"executed_lines": [77, 78, 79, 80, 82, 83], "summary": {"covered_lines": 6, "num_statements": 6, "percent_covered": 100.0, "percent_covered_display": "100", "missing_lines": 0, "excluded_lines": 0}, "missing_lines": [], "excluded_lines": []}, "EditCommand._execute_without_formatter": {"executed_lines": [], "summary": {"covered_lines": 0, "num_statements": 5, "percent_covered": 0.0, "percent_covered_display": "0", "missing_lines": 5, "excluded_lines": 0}, "missing_lines": [87, 88, 89, 91, 92], "excluded_lines": []}, "EditCommand._validate_with_formatter_error_display": {"executed_lines": [96], "summary": {"covered_lines": 1, "num_statements": 1, "percent_covered": 100.0, "percent_covered_display": "100", "missing_lines": 0, "excluded_lines": 0}, "missing_lines": [], "excluded_lines": []}, "EditCommand._validate_with_console_error_display": {"executed_lines": [100], "summary": {"covered_lines": 1, "num_statements": 1, "percent_covered": 100.0, "percent_covered_display": "100", "missing_lines": 0, "excluded_lines": 0}, "missing_lines": [], "excluded_lines": []}, "EditCommand._process_edit_result": {"executed_lines": [105, 106, 107], "summary": {"covered_lines": 3, "num_statements": 3, "percent_covered": 100.0, "percent_covered_display": "100", "missing_lines": 0, "excluded_lines": 0}, "missing_lines": [], "excluded_lines": []}, "EditCommand._handle_edit_execution_error": {"executed_lines": [112, 113, 114], "summary": {"covered_lines": 3, "num_statements": 3, "percent_covered": 100.0, "percent_covered_display": "100", "missing_lines": 0, "excluded_lines": 0}, "missing_lines": [], "excluded_lines": []}, "EditCommand._execute_edit_operation": {"executed_lines": [122, 123, 126, 127, 130, 131, 132, 134, 135, 136, 137, 139, 140], "summary": {"covered_lines": 13, "num_statements": 15, "percent_covered": 86.66666666666667, "percent_covered_display": "87", "missing_lines": 2, "excluded_lines": 0}, "missing_lines": [124, 128], "excluded_lines": []}, "EditCommand._load_config_safely": {"executed_lines": [144, 145, 146, 147, 148, 149, 151, 152], "summary": {"covered_lines": 8, "num_statements": 8, "percent_covered": 100.0, "percent_covered_display": "100", "missing_lines": 0, "excluded_lines": 0}, "missing_lines": [], "excluded_lines": []}, "EditCommand._create_error_result": {"executed_lines": [157], "summary": {"covered_lines": 1, "num_statements": 1, "percent_covered": 100.0, "percent_covered_display": "100", "missing_lines": 0, "excluded_lines": 0}, "missing_lines": [], "excluded_lines": []}, "EditCommand._apply_and_save_updates": {"executed_lines": [161, 162], "summary": {"covered_lines": 2, "num_statements": 2, "percent_covered": 100.0, "percent_covered_display": "100", "missing_lines": 0, "excluded_lines": 0}, "missing_lines": [], "excluded_lines": []}, "EditCommand._validate_app_names_provided": {"executed_lines": [170, 171, 172, 173, 174], "summary": {"covered_lines": 5, "num_statements": 5, "percent_covered": 100.0, "percent_covered_display": "100", "missing_lines": 0, "excluded_lines": 0}, "missing_lines": [], "excluded_lines": []}, "EditCommand._find_matching_applications": {"executed_lines": [183, 184, 186, 187], "summary": {"covered_lines": 4, "num_statements": 4, "percent_covered": 100.0, "percent_covered_display": "100", "missing_lines": 0, "excluded_lines": 0}, "missing_lines": [], "excluded_lines": []}, "EditCommand._collect_updates_from_parameters": {"executed_lines": [192], "summary": {"covered_lines": 1, "num_statements": 1, "percent_covered": 100.0, "percent_covered_display": "100", "missing_lines": 0, "excluded_lines": 0}, "missing_lines": [], "excluded_lines": []}, "EditCommand._apply_updates_to_apps": {"executed_lines": [214, 215, 217, 220, 224, 226, 227, 229, 231, 232, 233, 234, 235], "summary": {"covered_lines": 13, "num_statements": 18, "percent_covered": 72.22222222222223, "percent_covered_display": "72", "missing_lines": 5, "excluded_lines": 0}, "missing_lines": [236, 237, 238, 239, 240], "excluded_lines": []}, "EditCommand._save_config": {"executed_lines": [244, 246, 248, 249, 251, 252], "summary": {"covered_lines": 6, "num_statements": 8, "percent_covered": 75.0, "percent_covered_display": "75", "missing_lines": 2, "excluded_lines": 0}, "missing_lines": [257, 258], "excluded_lines": []}, "EditCommand._show_validation_hints": {"executed_lines": [262, 263, 264, 265, 266, 267, 268, 269], "summary": {"covered_lines": 8, "num_statements": 8, "percent_covered": 100.0, "percent_covered_display": "100", "missing_lines": 0, "excluded_lines": 0}, "missing_lines": [], "excluded_lines": []}, "": {"executed_lines": [1, 3, 5, 6, 8, 9, 11, 16, 20, 26, 27, 28, 29, 30, 34, 35, 36, 39, 40, 42, 46, 55, 68, 75, 85, 94, 98, 103, 110, 116, 142, 155, 159, 164, 177, 189, 211, 242, 260], "summary": {"covered_lines": 37, "num_statements": 37, "percent_covered": 100.0, "percent_covered_display": "100", "missing_lines": 0, "excluded_lines": 0}, "missing_lines": [], "excluded_lines": []}}, "classes": {"EditCommand": {"executed_lines": [43, 44, 48, 50, 51, 53, 57, 59, 61, 63, 64, 65, 66, 70, 71, 73, 77, 78, 79, 80, 82, 83, 96, 100, 105, 106, 107, 112, 113, 114, 122, 123, 126, 127, 130, 131, 132, 134, 135, 136, 137, 139, 140, 144, 145, 146, 147, 148, 149, 151, 152, 157, 161, 162, 170, 171, 172, 173, 174, 183, 184, 186, 187, 192, 214, 215, 217, 220, 224, 226, 227, 229, 231, 232, 233, 234, 235, 244, 246, 248, 249, 251, 252, 262, 263, 264, 265, 266, 267, 268, 269], "summary": {"covered_lines": 91, "num_statements": 105, "percent_covered": 86.66666666666667, "percent_covered_display": "87", "missing_lines": 14, "excluded_lines": 0}, "missing_lines": [87, 88, 89, 91, 92, 124, 128, 236, 237, 238, 239, 240, 257, 258], "excluded_lines": []}, "": {"executed_lines": [1, 3, 5, 6, 8, 9, 11, 16, 20, 26, 27, 28, 29, 30, 34, 35, 36, 39, 40, 42, 46, 55, 68, 75, 85, 94, 98, 103, 110, 116, 142, 155, 159, 164, 177, 189, 211, 242, 260], "summary": {"covered_lines": 37, "num_statements": 37, "percent_covered": 100.0, "percent_covered_display": "100", "missing_lines": 0, "excluded_lines": 0}, "missing_lines": [], "excluded_lines": []}}}, "src/appimage_updater/commands/factory.py": {"executed_lines": [1, 3, 5, 6, 8, 9, 10, 11, 14, 15, 26, 27, 28, 31, 32, 34, 35, 65, 94, 96, 97, 132, 133, 150, 152, 153, 183, 212, 214, 215, 225, 234, 236, 237, 244, 250, 252, 253, 264, 274, 276, 277, 310, 311, 326, 330, 331, 342, 352], "summary": {"covered_lines": 47, "num_statements": 47, "percent_covered": 100.0, "percent_covered_display": "100", "missing_lines": 0, "excluded_lines": 0}, "missing_lines": [], "excluded_lines": [], "functions": {"CommandFactory.create_add_command": {"executed_lines": [65, 94], "summary": {"covered_lines": 2, "num_statements": 2, "percent_covered": 100.0, "percent_covered_display": "100", "missing_lines": 0, "excluded_lines": 0}, "missing_lines": [], "excluded_lines": []}, "CommandFactory.create_check_command_with_instrumentation": {"executed_lines": [132, 133, 150], "summary": {"covered_lines": 3, "num_statements": 3, "percent_covered": 100.0, "percent_covered_display": "100", "missing_lines": 0, "excluded_lines": 0}, "missing_lines": [], "excluded_lines": []}, "CommandFactory.create_edit_command": {"executed_lines": [183, 212], "summary": {"covered_lines": 2, "num_statements": 2, "percent_covered": 100.0, "percent_covered_display": "100", "missing_lines": 0, "excluded_lines": 0}, "missing_lines": [], "excluded_lines": []}, "CommandFactory.create_show_command": {"executed_lines": [225, 234], "summary": {"covered_lines": 2, "num_statements": 2, "percent_covered": 100.0, "percent_covered_display": "100", "missing_lines": 0, "excluded_lines": 0}, "missing_lines": [], "excluded_lines": []}, "CommandFactory.create_list_command": {"executed_lines": [244, 250], "summary": {"covered_lines": 2, "num_statements": 2, "percent_covered": 100.0, "percent_covered_display": "100", "missing_lines": 0, "excluded_lines": 0}, "missing_lines": [], "excluded_lines": []}, "CommandFactory.create_remove_command": {"executed_lines": [264, 274], "summary": {"covered_lines": 2, "num_statements": 2, "percent_covered": 100.0, "percent_covered_display": "100", "missing_lines": 0, "excluded_lines": 0}, "missing_lines": [], "excluded_lines": []}, "CommandFactory.create_repository_command_with_instrumentation": {"executed_lines": [310, 311, 326], "summary": {"covered_lines": 3, "num_statements": 3, "percent_covered": 100.0, "percent_covered_display": "100", "missing_lines": 0, "excluded_lines": 0}, "missing_lines": [], "excluded_lines": []}, "CommandFactory.create_config_command": {"executed_lines": [342, 352], "summary": {"covered_lines": 2, "num_statements": 2, "percent_covered": 100.0, "percent_covered_display": "100", "missing_lines": 0, "excluded_lines": 0}, "missing_lines": [], "excluded_lines": []}, "": {"executed_lines": [1, 3, 5, 6, 8, 9, 10, 11, 14, 15, 26, 27, 28, 31, 32, 34, 35, 96, 97, 152, 153, 214, 215, 236, 237, 252, 253, 276, 277, 330, 331], "summary": {"covered_lines": 29, "num_statements": 29, "percent_covered": 100.0, "percent_covered_display": "100", "missing_lines": 0, "excluded_lines": 0}, "missing_lines": [], "excluded_lines": []}}, "classes": {"CommandFactory": {"executed_lines": [65, 94, 132, 133, 150, 183, 212, 225, 234, 244, 250, 264, 274, 310, 311, 326, 342, 352], "summary": {"covered_lines": 18, "num_statements": 18, "percent_covered": 100.0, "percent_covered_display": "100", "missing_lines": 0, "excluded_lines": 0}, "missing_lines": [], "excluded_lines": []}, "": {"executed_lines": [1, 3, 5, 6, 8, 9, 10, 11, 14, 15, 26, 27, 28, 31, 32, 34, 35, 96, 97, 152, 153, 214, 215, 236, 237, 252, 253, 276, 277, 330, 331], "summary": {"covered_lines": 29, "num_statements": 29, "percent_covered": 100.0, "percent_covered_display": "100", "missing_lines": 0, "excluded_lines": 0}, "missing_lines": [], "excluded_lines": []}}}, "src/appimage_updater/commands/list_command.py": {"executed_lines": [1, 3, 5, 7, 8, 10, 11, 12, 13, 17, 20, 24, 27, 28, 30, 31, 32, 34, 37, 39, 41, 43, 45, 46, 47, 49, 51, 52, 54, 56, 57, 58, 59, 61, 67, 68, 69, 70, 71, 72, 74, 75, 76, 77, 78, 79, 81, 87, 88, 89, 90, 91, 93, 94, 95, 97, 99, 101, 102, 104, 106, 107, 108, 109, 111, 113, 115, 117, 120, 121, 122, 125, 126, 128, 129, 131], "summary": {"covered_lines": 74, "num_statements": 74, "percent_covered": 100.0, "percent_covered_display": "100", "missing_lines": 0, "excluded_lines": 0}, "missing_lines": [], "excluded_lines": [], "functions": {"ListCommand.__init__": {"executed_lines": [31, 32], "summary": {"covered_lines": 2, "num_statements": 2, "percent_covered": 100.0, "percent_covered_display": "100", "missing_lines": 0, "excluded_lines": 0}, "missing_lines": [], "excluded_lines": []}, "ListCommand.validate": {"executed_lines": [37], "summary": {"covered_lines": 1, "num_statements": 1, "percent_covered": 100.0, "percent_covered_display": "100", "missing_lines": 0, "excluded_lines": 0}, "missing_lines": [], "excluded_lines": []}, "ListCommand.execute": {"executed_lines": [41, 43, 45, 46, 47, 49, 51, 52, 54, 56, 57, 58, 59], "summary": {"covered_lines": 13, "num_statements": 13, "percent_covered": 100.0, "percent_covered_display": "100", "missing_lines": 0, "excluded_lines": 0}, "missing_lines": [], "excluded_lines": []}, "ListCommand._execute_list_operation": {"executed_lines": [67, 68, 69, 70, 71, 72, 74, 75, 76, 77, 78, 79], "summary": {"covered_lines": 12, "num_statements": 12, "percent_covered": 100.0, "percent_covered_display": "100", "missing_lines": 0, "excluded_lines": 0}, "missing_lines": [], "excluded_lines": []}, "ListCommand._load_and_validate_config": {"executed_lines": [87, 88, 89, 90, 91, 93, 94, 95, 97], "summary": {"covered_lines": 9, "num_statements": 9, "percent_covered": 100.0, "percent_covered_display": "100", "missing_lines": 0, "excluded_lines": 0}, "missing_lines": [], "excluded_lines": []}, "ListCommand._load_config": {"executed_lines": [101, 102], "summary": {"covered_lines": 2, "num_statements": 2, "percent_covered": 100.0, "percent_covered_display": "100", "missing_lines": 0, "excluded_lines": 0}, "missing_lines": [], "excluded_lines": []}, "ListCommand._display_message": {"executed_lines": [106, 107, 108, 109, 111, 113], "summary": {"covered_lines": 6, "num_statements": 6, "percent_covered": 100.0, "percent_covered_display": "100", "missing_lines": 0, "excluded_lines": 0}, "missing_lines": [], "excluded_lines": []}, "ListCommand._display_applications_and_summary": {"executed_lines": [117, 120, 121, 122, 125, 126, 128, 129, 131], "summary": {"covered_lines": 9, "num_statements": 9, "percent_covered": 100.0, "percent_covered_display": "100", "missing_lines": 0, "excluded_lines": 0}, "missing_lines": [], "excluded_lines": []}, "": {"executed_lines": [1, 3, 5, 7, 8, 10, 11, 12, 13, 17, 20, 24, 27, 28, 30, 34, 39, 61, 81, 99, 104, 115], "summary": {"covered_lines": 20, "num_statements": 20, "percent_covered": 100.0, "percent_covered_display": "100", "missing_lines": 0, "excluded_lines": 0}, "missing_lines": [], "excluded_lines": []}}, "classes": {"ListCommand": {"executed_lines": [31, 32, 37, 41, 43, 45, 46, 47, 49, 51, 52, 54, 56, 57, 58, 59, 67, 68, 69, 70, 71, 72, 74, 75, 76, 77, 78, 79, 87, 88, 89, 90, 91, 93, 94, 95, 97, 101, 102, 106, 107, 108, 109, 111, 113, 117, 120, 121, 122, 125, 126, 128, 129, 131], "summary": {"covered_lines": 54, "num_statements": 54, "percent_covered": 100.0, "percent_covered_display": "100", "missing_lines": 0, "excluded_lines": 0}, "missing_lines": [], "excluded_lines": []}, "": {"executed_lines": [1, 3, 5, 7, 8, 10, 11, 12, 13, 17, 20, 24, 27, 28, 30, 34, 39, 61, 81, 99, 104, 115], "summary": {"covered_lines": 20, "num_statements": 20, "percent_covered": 100.0, "percent_covered_display": "100", "missing_lines": 0, "excluded_lines": 0}, "missing_lines": [], "excluded_lines": []}}}, "src/appimage_updater/commands/mixins.py": {"executed_lines": [1, 4, 5, 12], "summary": {"covered_lines": 2, "num_statements": 2, "percent_covered": 100.0, "percent_covered_display": "100", "missing_lines": 0, "excluded_lines": 0}, "missing_lines": [], "excluded_lines": [], "functions": {"": {"executed_lines": [1, 4, 5, 12], "summary": {"covered_lines": 2, "num_statements": 2, "percent_covered": 100.0, "percent_covered_display": "100", "missing_lines": 0, "excluded_lines": 0}, "missing_lines": [], "excluded_lines": []}}, "classes": {"FormatterContextMixin": {"executed_lines": [], "summary": {"covered_lines": 0, "num_statements": 0, "percent_covered": 100.0, "percent_covered_display": "100", "missing_lines": 0, "excluded_lines": 0}, "missing_lines": [], "excluded_lines": []}, "": {"executed_lines": [1, 4, 5, 12], "summary": {"covered_lines": 2, "num_statements": 2, "percent_covered": 100.0, "percent_covered_display": "100", "missing_lines": 0, "excluded_lines": 0}, "missing_lines": [], "excluded_lines": []}}}, "src/appimage_updater/commands/parameters.py": {"executed_lines": [1, 3, 5, 6, 7, 10, 11, 12, 18, 19, 20, 21, 22, 25, 26, 27, 29, 30, 31, 32, 35, 36, 37, 39, 40, 41, 42, 43, 44, 45, 46, 47, 48, 49, 50, 51, 52, 53, 54, 55, 56, 57, 58, 59, 60, 61, 64, 65, 66, 68, 69, 70, 71, 72, 74, 75, 76, 77, 78, 80, 83, 84, 85, 87, 88, 89, 90, 91, 92, 93, 94, 95, 96, 97, 98, 99, 100, 101, 102, 103, 104, 105, 106, 107, 108, 109, 112, 113, 114, 116, 117, 118, 121, 122, 123, 125, 126, 127, 128, 131, 132, 133, 135, 136, 137, 138, 141, 142, 143, 145, 146, 147, 148, 149, 150, 151, 152, 153, 156, 157, 158, 160, 161, 162, 163, 164], "summary": {"covered_lines": 115, "num_statements": 115, "percent_covered": 100.0, "percent_covered_display": "100", "missing_lines": 0, "excluded_lines": 0}, "missing_lines": [], "excluded_lines": [], "functions": {"": {"executed_lines": [1, 3, 5, 6, 7, 10, 11, 12, 18, 19, 20, 21, 22, 25, 26, 27, 29, 30, 31, 32, 35, 36, 37, 39, 40, 41, 42, 43, 44, 45, 46, 47, 48, 49, 50, 51, 52, 53, 54, 55, 56, 57, 58, 59, 60, 61, 64, 65, 66, 68, 69, 70, 71, 72, 74, 75, 76, 77, 78, 80, 83, 84, 85, 87, 88, 89, 90, 91, 92, 93, 94, 95, 96, 97, 98, 99, 100, 101, 102, 103, 104, 105, 106, 107, 108, 109, 112, 113, 114, 116, 117, 118, 121, 122, 123, 125, 126, 127, 128, 131, 132, 133, 135, 136, 137, 138, 141, 142, 143, 145, 146, 147, 148, 149, 150, 151, 152, 153, 156, 157, 158, 160, 161, 162, 163, 164], "summary": {"covered_lines": 115, "num_statements": 115, "percent_covered": 100.0, "percent_covered_display": "100", "missing_lines": 0, "excluded_lines": 0}, "missing_lines": [], "excluded_lines": []}}, "classes": {"InstrumentationParams": {"executed_lines": [], "summary": {"covered_lines": 0, "num_statements": 0, "percent_covered": 100.0, "percent_covered_display": "100", "missing_lines": 0, "excluded_lines": 0}, "missing_lines": [], "excluded_lines": []}, "BaseParams": {"executed_lines": [], "summary": {"covered_lines": 0, "num_statements": 0, "percent_covered": 100.0, "percent_covered_display": "100", "missing_lines": 0, "excluded_lines": 0}, "missing_lines": [], "excluded_lines": []}, "AddParams": {"executed_lines": [], "summary": {"covered_lines": 0, "num_statements": 0, "percent_covered": 100.0, "percent_covered_display": "100", "missing_lines": 0, "excluded_lines": 0}, "missing_lines": [], "excluded_lines": []}, "CheckParams": {"executed_lines": [], "summary": {"covered_lines": 0, "num_statements": 0, "percent_covered": 100.0, "percent_covere
[...]
missing_lines": [], "excluded_lines": []}, "RichOutputFormatter.print_config_settings": {"executed_lines": [187, 188, 189, 191, 192, 194], "summary": {"covered_lines": 6, "num_statements": 6, "percent_covered": 100.0, "percent_covered_display": "100", "missing_lines": 0, "excluded_lines": 0}, "missing_lines": [], "excluded_lines": []}, "RichOutputFormatter.start_section": {"executed_lines": [202, 203, 204], "summary": {"covered_lines": 3, "num_statements": 3, "percent_covered": 100.0, "percent_covered_display": "100", "missing_lines": 0, "excluded_lines": 0}, "missing_lines": [], "excluded_lines": []}, "RichOutputFormatter.end_section": {"executed_lines": [208, 209, 210], "summary": {"covered_lines": 3, "num_statements": 3, "percent_covered": 100.0, "percent_covered_display": "100", "missing_lines": 0, "excluded_lines": 0}, "missing_lines": [], "excluded_lines": []}, "RichOutputFormatter.finalize": {"executed_lines": [220], "summary": {"covered_lines": 1, "num_statements": 1, "percent_covered": 100.0, "percent_covered_display": "100", "missing_lines": 0, "excluded_lines": 0}, "missing_lines": [], "excluded_lines": []}, "RichOutputFormatter._wrap_path": {"executed_lines": [226, 227, 230, 232, 233, 236], "summary": {"covered_lines": 6, "num_statements": 6, "percent_covered": 100.0, "percent_covered_display": "100", "missing_lines": 0, "excluded_lines": 0}, "missing_lines": [], "excluded_lines": []}, "RichOutputFormatter._path_fits_within_width": {"executed_lines": [241], "summary": {"covered_lines": 1, "num_statements": 1, "percent_covered": 100.0, "percent_covered_display": "100", "missing_lines": 0, "excluded_lines": 0}, "missing_lines": [], "excluded_lines": []}, "RichOutputFormatter._process_path_wrapping": {"executed_lines": [245, 247, 248, 250], "summary": {"covered_lines": 4, "num_statements": 4, "percent_covered": 100.0, "percent_covered_display": "100", "missing_lines": 0, "excluded_lines": 0}, "missing_lines": [], "excluded_lines": []}, "RichOutputFormatter._wrap_multi_part_path": {"executed_lines": [255, 259, 260, 261], "summary": {"covered_lines": 4, "num_statements": 5, "percent_covered": 80.0, "percent_covered_display": "80", "missing_lines": 1, "excluded_lines": 0}, "missing_lines": [256], "excluded_lines": []}, "RichOutputFormatter._is_short_home_path": {"executed_lines": [266], "summary": {"covered_lines": 1, "num_statements": 1, "percent_covered": 100.0, "percent_covered_display": "100", "missing_lines": 0, "excluded_lines": 0}, "missing_lines": [], "excluded_lines": []}, "RichOutputFormatter._wrap_single_part_path": {"executed_lines": [271], "summary": {"covered_lines": 1, "num_statements": 1, "percent_covered": 100.0, "percent_covered_display": "100", "missing_lines": 0, "excluded_lines": 0}, "missing_lines": [], "excluded_lines": []}, "RichOutputFormatter._replace_home_with_tilde": {"executed_lines": [276, 277, 279, 280, 281, 282, 283, 284, 285, 288], "summary": {"covered_lines": 10, "num_statements": 11, "percent_covered": 90.9090909090909, "percent_covered_display": "91", "missing_lines": 1, "excluded_lines": 0}, "missing_lines": [287], "excluded_lines": []}, "RichOutputFormatter._build_path_from_parts": {"executed_lines": [296, 297, 300, 301, 304], "summary": {"covered_lines": 5, "num_statements": 5, "percent_covered": 100.0, "percent_covered_display": "100", "missing_lines": 0, "excluded_lines": 0}, "missing_lines": [], "excluded_lines": []}, "RichOutputFormatter._all_parts_fit": {"executed_lines": [309, 310], "summary": {"covered_lines": 2, "num_statements": 2, "percent_covered": 100.0, "percent_covered_display": "100", "missing_lines": 0, "excluded_lines": 0}, "missing_lines": [], "excluded_lines": []}, "RichOutputFormatter._build_truncated_path_parts": {"executed_lines": [315, 316, 319, 320, 323], "summary": {"covered_lines": 5, "num_statements": 5, "percent_covered": 100.0, "percent_covered_display": "100", "missing_lines": 0, "excluded_lines": 0}, "missing_lines": [], "excluded_lines": []}, "RichOutputFormatter._add_parent_directories_to_path": {"executed_lines": [330, 331, 333, 334, 335, 338, 339, 340, 341, 343, 345], "summary": {"covered_lines": 11, "num_statements": 11, "percent_covered": 100.0, "percent_covered_display": "100", "missing_lines": 0, "excluded_lines": 0}, "missing_lines": [], "excluded_lines": []}, "RichOutputFormatter._add_ellipsis_if_truncated": {"executed_lines": [350, 351, 352], "summary": {"covered_lines": 3, "num_statements": 3, "percent_covered": 100.0, "percent_covered_display": "100", "missing_lines": 0, "excluded_lines": 0}, "missing_lines": [], "excluded_lines": []}, "RichOutputFormatter._dict_to_check_result": {"executed_lines": [358, 359, 360, 363, 364, 367, 368, 369, 371, 373, 378, 380], "summary": {"covered_lines": 12, "num_statements": 12, "percent_covered": 100.0, "percent_covered_display": "100", "missing_lines": 0, "excluded_lines": 0}, "missing_lines": [], "excluded_lines": []}, "RichOutputFormatter._display_check_results_table": {"executed_lines": [393, 395, 396, 398, 399, 400, 401, 403, 405], "summary": {"covered_lines": 9, "num_statements": 9, "percent_covered": 100.0, "percent_covered_display": "100", "missing_lines": 0, "excluded_lines": 0}, "missing_lines": [], "excluded_lines": []}, "RichOutputFormatter._create_check_results_table": {"executed_lines": [410, 411, 412, 413, 414, 415, 416], "summary": {"covered_lines": 7, "num_statements": 7, "percent_covered": 100.0, "percent_covered_display": "100", "missing_lines": 0, "excluded_lines": 0}, "missing_lines": [], "excluded_lines": []}, "RichOutputFormatter._add_error_row": {"executed_lines": [422, 423, 431], "summary": {"covered_lines": 3, "num_statements": 3, "percent_covered": 100.0, "percent_covered_display": "100", "missing_lines": 0, "excluded_lines": 0}, "missing_lines": [], "excluded_lines": []}, "RichOutputFormatter._add_no_candidate_row": {"executed_lines": [441, 442, 443, 445, 446, 448], "summary": {"covered_lines": 6, "num_statements": 6, "percent_covered": 100.0, "percent_covered_display": "100", "missing_lines": 0, "excluded_lines": 0}, "missing_lines": [], "excluded_lines": []}, "RichOutputFormatter._add_direct_version_row": {"executed_lines": [460, 461, 463, 464, 465, 467, 468, 470], "summary": {"covered_lines": 8, "num_statements": 8, "percent_covered": 100.0, "percent_covered_display": "100", "missing_lines": 0, "excluded_lines": 0}, "missing_lines": [], "excluded_lines": []}, "RichOutputFormatter._add_no_data_row": {"executed_lines": [475], "summary": {"covered_lines": 1, "num_statements": 1, "percent_covered": 100.0, "percent_covered_display": "100", "missing_lines": 0, "excluded_lines": 0}, "missing_lines": [], "excluded_lines": []}, "RichOutputFormatter._add_success_row": {"executed_lines": [486, 487, 489, 490, 491, 493, 494, 496], "summary": {"covered_lines": 8, "num_statements": 8, "percent_covered": 100.0, "percent_covered_display": "100", "missing_lines": 0, "excluded_lines": 0}, "missing_lines": [], "excluded_lines": []}, "": {"executed_lines": [1, 3, 4, 5, 7, 8, 10, 11, 12, 13, 16, 17, 24, 37, 46, 69, 74, 78, 85, 90, 96, 111, 119, 127, 135, 143, 157, 181, 196, 206, 212, 224, 239, 243, 252, 264, 269, 274, 290, 307, 312, 326, 348, 355, 391, 408, 419, 439, 451, 473, 484], "summary": {"covered_lines": 49, "num_statements": 49, "percent_covered": 100.0, "percent_covered_display": "100", "missing_lines": 0, "excluded_lines": 0}, "missing_lines": [], "excluded_lines": []}}, "classes": {"RichOutputFormatter": {"executed_lines": [32, 33, 34, 44, 54, 55, 58, 59, 62, 63, 66, 71, 76, 80, 81, 82, 87, 92, 93, 94, 104, 105, 106, 107, 109, 117, 125, 133, 141, 150, 151, 153, 155, 163, 165, 167, 168, 171, 172, 175, 177, 179, 187, 188, 189, 191, 192, 194, 202, 203, 204, 208, 209, 210, 220, 226, 227, 230, 232, 233, 236, 241, 245, 247, 248, 250, 255, 259, 260, 261, 266, 271, 276, 277, 279, 280, 281, 282, 283, 284, 285, 288, 296, 297, 300, 301, 304, 309, 310, 315, 316, 319, 320, 323, 330, 331, 333, 334, 335, 338, 339, 340, 341, 343, 345, 350, 351, 352, 358, 359, 360, 363, 364, 367, 368, 369, 371, 373, 378, 380, 393, 395, 396, 398, 399, 400, 401, 403, 405, 410, 411, 412, 413, 414, 415, 416, 422, 423, 431, 441, 442, 443, 445, 446, 448, 460, 461, 463, 464, 465, 467, 468, 470, 475, 486, 487, 489, 490, 491, 493, 494, 496], "summary": {"covered_lines": 162, "num_statements": 164, "percent_covered": 98.78048780487805, "percent_covered_display": "99", "missing_lines": 2, "excluded_lines": 0}, "missing_lines": [256, 287], "excluded_lines": []}, "": {"executed_lines": [1, 3, 4, 5, 7, 8, 10, 11, 12, 13, 16, 17, 24, 37, 46, 69, 74, 78, 85, 90, 96, 111, 119, 127, 135, 143, 157, 181, 196, 206, 212, 224, 239, 243, 252, 264, 269, 274, 290, 307, 312, 326, 348, 355, 391, 408, 419, 439, 451, 473, 484], "summary": {"covered_lines": 49, "num_statements": 49, "percent_covered": 100.0, "percent_covered_display": "100", "missing_lines": 0, "excluded_lines": 0}, "missing_lines": [], "excluded_lines": []}}}, "src/appimage_updater/ui/table_factory.py": {"executed_lines": [1, 3, 6, 7, 9, 10, 19, 20, 21, 22, 23, 24], "summary": {"covered_lines": 10, "num_statements": 10, "percent_covered": 100.0, "percent_covered_display": "100", "missing_lines": 0, "excluded_lines": 0}, "missing_lines": [], "excluded_lines": [], "functions": {"TableFactory.create_applications_table": {"executed_lines": [19, 20, 21, 22, 23, 24], "summary": {"covered_lines": 6, "num_statements": 6, "percent_covered": 100.0, "percent_covered_display": "100", "missing_lines": 0, "excluded_lines": 0}, "missing_lines": [], "excluded_lines": []}, "": {"executed_lines": [1, 3, 6, 7, 9, 10], "summary": {"covered_lines": 4, "num_statements": 4, "percent_covered": 100.0, "percent_covered_display": "100", "missing_lines": 0, "excluded_lines": 0}, "missing_lines": [], "excluded_lines": []}}, "classes": {"TableFactory": {"executed_lines": [19, 20, 21, 22, 23, 24], "summary": {"covered_lines": 6, "num_statements": 6, "percent_covered": 100.0, "percent_covered_display": "100", "missing_lines": 0, "excluded_lines": 0}, "missing_lines": [], "excluded_lines": []}, "": {"executed_lines": [1, 3, 6, 7, 9, 10], "summary": {"covered_lines": 4, "num_statements": 4, "percent_covered": 100.0, "percent_covered_display": "100", "missing_lines": 0, "excluded_lines": 0}, "missing_lines": [], "excluded_lines": []}}}, "src/appimage_updater/utils/__init__.py": {"executed_lines": [1], "summary": {"covered_lines": 0, "num_statements": 0, "percent_covered": 100.0, "percent_covered_display": "100", "missing_lines": 0, "excluded_lines": 0}, "missing_lines": [], "excluded_lines": [], "functions": {"": {"executed_lines": [1], "summary": {"covered_lines": 0, "num_statements": 0, "percent_covered": 100.0, "percent_covered_display": "100", "missing_lines": 0, "excluded_lines": 0}, "missing_lines": [], "excluded_lines": []}}, "classes": {"": {"executed_lines": [1], "summary": {"covered_lines": 0, "num_statements": 0, "percent_covered": 100.0, "percent_covered_display": "100", "missing_lines": 0, "excluded_lines": 0}, "missing_lines": [], "excluded_lines": []}}}, "src/appimage_updater/utils/helpers/__init__.py": {"executed_lines": [], "summary": {"covered_lines": 0, "num_statements": 0, "percent_covered": 100.0, "percent_covered_display": "100", "missing_lines": 0, "excluded_lines": 0}, "missing_lines": [], "excluded_lines": [], "functions": {"": {"executed_lines": [], "summary": {"covered_lines": 0, "num_statements": 0, "percent_covered": 100.0, "percent_covered_display": "100", "missing_lines": 0, "excluded_lines": 0}, "missing_lines": [], "excluded_lines": []}}, "classes": {"": {"executed_lines": [], "summary": {"covered_lines": 0, "num_statements": 0, "percent_covered": 100.0, "percent_covered_display": "100", "missing_lines": 0, "excluded_lines": 0}, "missing_lines": [], "excluded_lines": []}}}, "src/appimage_updater/utils/logging_config.py": {"executed_lines": [1, 3, 5, 6, 8, 12, 15, 22, 25, 28, 39, 40, 42, 51, 52, 53], "summary": {"covered_lines": 15, "num_statements": 15, "percent_covered": 100.0, "percent_covered_display": "100", "missing_lines": 0, "excluded_lines": 0}, "missing_lines": [], "excluded_lines": [], "functions": {"configure_logging": {"executed_lines": [22, 25, 28, 39, 40, 42, 51, 52, 53], "summary": {"covered_lines": 9, "num_statements": 9, "percent_covered": 100.0, "percent_covered_display": "100", "missing_lines": 0, "excluded_lines": 0}, "missing_lines": [], "excluded_lines": []}, "": {"executed_lines": [1, 3, 5, 6, 8, 12, 15], "summary": {"covered_lines": 6, "num_statements": 6, "percent_covered": 100.0, "percent_covered_display": "100", "missing_lines": 0, "excluded_lines": 0}, "missing_lines": [], "excluded_lines": []}}, "classes": {"": {"executed_lines": [1, 3, 5, 6, 8, 12, 15, 22, 25, 28, 39, 40, 42, 51, 52, 53], "summary": {"covered_lines": 15, "num_statements": 15, "percent_covered": 100.0, "percent_covered_display": "100", "missing_lines": 0, "excluded_lines": 0}, "missing_lines": [], "excluded_lines": []}}}, "src/appimage_updater/utils/version_file_utils.py": {"executed_lines": [1, 8, 10, 11, 13, 16, 37], "summary": {"covered_lines": 6, "num_statements": 20, "percent_covered": 30.0, "percent_covered_display": "30", "missing_lines": 14, "excluded_lines": 0}, "missing_lines": [29, 30, 31, 32, 33, 34, 56, 57, 59, 61, 62, 63, 65, 66], "excluded_lines": [], "functions": {"extract_versions_from_files": {"executed_lines": [], "summary": {"covered_lines": 0, "num_statements": 6, "percent_covered": 0.0, "percent_covered_display": "0", "missing_lines": 6, "excluded_lines": 0}, "missing_lines": [29, 30, 31, 32, 33, 34], "excluded_lines": []}, "select_newest_version": {"executed_lines": [], "summary": {"covered_lines": 0, "num_statements": 8, "percent_covered": 0.0, "percent_covered_display": "0", "missing_lines": 8, "excluded_lines": 0}, "missing_lines": [56, 57, 59, 61, 62, 63, 65, 66], "excluded_lines": []}, "": {"executed_lines": [1, 8, 10, 11, 13, 16, 37], "summary": {"covered_lines": 6, "num_statements": 6, "percent_covered": 100.0, "percent_covered_display": "100", "missing_lines": 0, "excluded_lines": 0}, "missing_lines": [], "excluded_lines": []}}, "classes": {"": {"executed_lines": [1, 8, 10, 11, 13, 16, 37], "summary": {"covered_lines": 6, "num_statements": 20, "percent_covered": 30.0, "percent_covered_display": "30", "missing_lines": 14, "excluded_lines": 0}, "missing_lines": [29, 30, 31, 32, 33, 34, 56, 57, 59, 61, 62, 63, 65, 66], "excluded_lines": []}}}, "src/appimage_updater/utils/version_utils.py": {"executed_lines": [1, 7, 9, 10, 13, 17, 37, 40, 41, 42, 44, 45, 46, 48, 49, 50, 52, 55, 57, 58, 59, 62, 65, 66, 69, 70, 73, 76, 79, 80, 83, 86, 87, 88, 89, 90, 93, 94, 95, 96, 97, 98, 100, 103, 105, 106, 109, 111, 112, 113, 114, 115, 116, 117, 120, 122, 123, 124, 126, 127, 129, 130, 131, 134, 137, 138, 139, 142, 145, 147, 148, 149, 151, 152, 154, 155, 156, 159, 176, 177, 180, 182, 183, 185, 188, 191, 200, 203, 214, 217, 223, 224, 225, 227, 229], "summary": {"covered_lines": 94, "num_statements": 95, "percent_covered": 98.94736842105263, "percent_covered_display": "99", "missing_lines": 1, "excluded_lines": 0}, "missing_lines": [14], "excluded_lines": [], "functions": {"normalize_version_string": {"executed_lines": [37, 40, 41, 42, 44, 45, 46, 48, 49, 50, 52], "summary": {"covered_lines": 11, "num_statements": 11, "percent_covered": 100.0, "percent_covered_display": "100", "missing_lines": 0, "excluded_lines": 0}, "missing_lines": [], "excluded_lines": []}, "_remove_version_prefix": {"executed_lines": [57, 58, 59], "summary": {"covered_lines": 3, "num_statements": 3, "percent_covered": 100.0, "percent_covered_display": "100", "missing_lines": 0, "excluded_lines": 0}, "missing_lines": [], "excluded_lines": []}, "_handle_dash_separated_suffix": {"executed_lines": [65, 66, 69, 70, 73], "summary": {"covered_lines": 5, "num_statements": 5, "percent_covered": 100.0, "percent_covered_display": "100", "missing_lines": 0, "excluded_lines": 0}, "missing_lines": [], "excluded_lines": []}, "_handle_direct_suffix": {"executed_lines": [79, 80], "summary": {"covered_lines": 2, "num_statements": 2, "percent_covered": 100.0, "percent_covered_display": "100", "missing_lines": 0, "excluded_lines": 0}, "missing_lines": [], "excluded_lines": []}, "_normalize_dash_separated_version": {"executed_lines": [86, 87, 88, 89, 90, 93, 94, 95, 96, 97, 98, 100], "summary": {"covered_lines": 12, "num_statements": 12, "percent_covered": 100.0, "percent_covered_display": "100", "missing_lines": 0, "excluded_lines": 0}, "missing_lines": [], "excluded_lines": []}, "_is_architecture_suffix": {"executed_lines": [105, 106], "summary": {"covered_lines": 2, "num_statements": 2, "percent_covered": 100.0, "percent_covered_display": "100", "missing_lines": 0, "excluded_lines": 0}, "missing_lines": [], "excluded_lines": []}, "_extract_underscore_version": {"executed_lines": [111, 112, 113, 114, 115, 116, 117], "summary": {"covered_lines": 7, "num_statements": 7, "percent_covered": 100.0, "percent_covered_display": "100", "missing_lines": 0, "excluded_lines": 0}, "missing_lines": [], "excluded_lines": []}, "_extract_space_separated_version": {"executed_lines": [122, 123, 124, 126, 127, 129, 130, 131], "summary": {"covered_lines": 8, "num_statements": 8, "percent_covered": 100.0, "percent_covered_display": "100", "missing_lines": 0, "excluded_lines": 0}, "missing_lines": [], "excluded_lines": []}, "_normalize_space_separated_version": {"executed_lines": [137, 138, 139, 142], "summary": {"covered_lines": 4, "num_statements": 4, "percent_covered": 100.0, "percent_covered_display": "100", "missing_lines": 0, "excluded_lines": 0}, "missing_lines": [], "excluded_lines": []}, "_normalize_simple_version": {"executed_lines": [147, 148, 149, 151, 152, 154, 155, 156], "summary": {"covered_lines": 8, "num_statements": 8, "percent_covered": 100.0, "percent_covered_display": "100", "missing_lines": 0, "excluded_lines": 0}, "missing_lines": [], "excluded_lines": []}, "format_version_display": {"executed_lines": [176, 177, 180, 182, 183, 185, 188], "summary": {"covered_lines": 7, "num_statements": 7, "percent_covered": 100.0, "percent_covered_display": "100", "missing_lines": 0, "excluded_lines": 0}, "missing_lines": [], "excluded_lines": []}, "create_nightly_version": {"executed_lines": [200], "summary": {"covered_lines": 1, "num_statements": 1, "percent_covered": 100.0, "percent_covered_display": "100", "missing_lines": 0, "excluded_lines": 0}, "missing_lines": [], "excluded_lines": []}, "extract_version_from_filename": {"executed_lines": [214, 217, 223, 224, 225, 227, 229], "summary": {"covered_lines": 7, "num_statements": 7, "percent_covered": 100.0, "percent_covered_display": "100", "missing_lines": 0, "excluded_lines": 0}, "missing_lines": [], "excluded_lines": []}, "": {"executed_lines": [1, 7, 9, 10, 13, 17, 55, 62, 76, 83, 103, 109, 120, 134, 145, 159, 191, 203], "summary": {"covered_lines": 17, "num_statements": 18, "percent_covered": 94.44444444444444, "percent_covered_display": "94", "missing_lines": 1, "excluded_lines": 0}, "missing_lines": [14], "excluded_lines": []}}, "classes": {"": {"executed_lines": [1, 7, 9, 10, 13, 17, 37, 40, 41, 42, 44, 45, 46, 48, 49, 50, 52, 55, 57, 58, 59, 62, 65, 66, 69, 70, 73, 76, 79, 80, 83, 86, 87, 88, 89, 90, 93, 94, 95, 96, 97, 98, 100, 103, 105, 106, 109, 111, 112, 113, 114, 115, 116, 117, 120, 122, 123, 124, 126, 127, 129, 130, 131, 134, 137, 138, 139, 142, 145, 147, 148, 149, 151, 152, 154, 155, 156, 159, 176, 177, 180, 182, 183, 185, 188, 191, 200, 203, 214, 217, 223, 224, 225, 227, 229], "summary": {"covered_lines": 94, "num_statements": 95, "percent_covered": 98.94736842105263, "percent_covered_display": "99", "missing_lines": 1, "excluded_lines": 0}, "missing_lines": [14], "excluded_lines": []}}}}, "totals": {"covered_lines": 7270, "num_statements": 9884, "percent_covered": 73.5532173209227, "percent_covered_display": "74", "missing_lines": 2614, "excluded_lines": 9}}